{"/home/personal/billing/src/components/CategoryDropZone.tsx": {"path":"/home/personal/billing/src/components/CategoryDropZone.tsx","statementMap":{"0":{"start":{"line":20,"column":16},"end":{"line":20,"column":33}},"1":{"start":{"line":3,"column":18},"end":{"line":3,"column":null}},"2":{"start":{"line":4,"column":29},"end":{"line":4,"column":null}},"3":{"start":{"line":5,"column":42},"end":{"line":5,"column":null}},"4":{"start":{"line":6,"column":36},"end":{"line":6,"column":null}},"5":{"start":{"line":7,"column":32},"end":{"line":7,"column":null}},"6":{"start":{"line":13,"column":49},"end":{"line":18,"column":null}},"7":{"start":{"line":21,"column":35},"end":{"line":24,"column":null}},"8":{"start":{"line":26,"column":25},"end":{"line":26,"column":null}},"9":{"start":{"line":26,"column":56},"end":{"line":26,"column":null}},"10":{"start":{"line":27,"column":19},"end":{"line":27,"column":null}},"11":{"start":{"line":27,"column":50},"end":{"line":27,"column":null}},"12":{"start":{"line":28,"column":19},"end":{"line":28,"column":44}},"13":{"start":{"line":30,"column":18},"end":{"line":30,"column":34}},"14":{"start":{"line":31,"column":27},"end":{"line":31,"column":79}},"15":{"start":{"line":95,"column":24},"end":{"line":95,"column":62}}},"fnMap":{"0":{"name":"CategoryDropZone","decl":{"start":{"line":20,"column":16},"end":{"line":20,"column":33}},"loc":{"start":{"line":20,"column":68},"end":{"line":101,"column":null}}},"1":{"name":"(anonymous_3)","decl":{"start":{"line":26,"column":45},"end":{"line":26,"column":46}},"loc":{"start":{"line":26,"column":56},"end":{"line":26,"column":null}}},"2":{"name":"(anonymous_4)","decl":{"start":{"line":27,"column":39},"end":{"line":27,"column":40}},"loc":{"start":{"line":27,"column":50},"end":{"line":27,"column":null}}},"3":{"name":"(anonymous_5)","decl":{"start":{"line":94,"column":37},"end":{"line":94,"column":38}},"loc":{"start":{"line":95,"column":24},"end":{"line":95,"column":62}}}},"branchMap":{"0":{"loc":{"start":{"line":39,"column":10},"end":{"line":41,"column":null}},"type":"cond-expr","locations":[{"start":{"line":40,"column":22},"end":{"line":40,"column":null}},{"start":{"line":41,"column":22},"end":{"line":41,"column":null}}]},"1":{"loc":{"start":{"line":45,"column":33},"end":{"line":45,"column":null}},"type":"cond-expr","locations":[{"start":{"line":45,"column":42},"end":{"line":45,"column":54}},{"start":{"line":45,"column":57},"end":{"line":45,"column":null}}]},"2":{"loc":{"start":{"line":46,"column":29},"end":{"line":46,"column":null}},"type":"cond-expr","locations":[{"start":{"line":46,"column":38},"end":{"line":46,"column":49}},{"start":{"line":46,"column":52},"end":{"line":46,"column":null}}]},"3":{"loc":{"start":{"line":70,"column":39},"end":{"line":70,"column":null}},"type":"cond-expr","locations":[{"start":{"line":70,"column":67},"end":{"line":70,"column":76}},{"start":{"line":70,"column":76},"end":{"line":70,"column":null}}]},"4":{"loc":{"start":{"line":75,"column":17},"end":{"line":95,"column":62}},"type":"cond-expr","locations":[{"start":{"line":76,"column":20},"end":{"line":94,"column":33}},{"start":{"line":94,"column":20},"end":{"line":95,"column":62}}]}},"s":{"0":0,"1":0,"2":0,"3":0,"4":0,"5":0,"6":0,"7":0,"8":0,"9":0,"10":0,"11":0,"12":0,"13":0,"14":0,"15":0},"f":{"0":0,"1":0,"2":0,"3":0},"b":{"0":[0,0],"1":[0,0],"2":[0,0],"3":[0,0],"4":[0,0]}}
,"/home/personal/billing/src/components/CsvDropZone.tsx": {"path":"/home/personal/billing/src/components/CsvDropZone.tsx","statementMap":{"0":{"start":{"line":47,"column":16},"end":{"line":47,"column":28}},"1":{"start":{"line":3,"column":18},"end":{"line":3,"column":null}},"2":{"start":{"line":4,"column":44},"end":{"line":4,"column":null}},"3":{"start":{"line":14,"column":22},"end":{"line":45,"column":null}},"4":{"start":{"line":62,"column":8},"end":{"line":66,"column":null}},"5":{"start":{"line":68,"column":19},"end":{"line":68,"column":null}},"6":{"start":{"line":69,"column":28},"end":{"line":69,"column":null}},"7":{"start":{"line":70,"column":19},"end":{"line":70,"column":40}},"8":{"start":{"line":72,"column":24},"end":{"line":77,"column":null}},"9":{"start":{"line":73,"column":8},"end":{"line":73,"column":null}},"10":{"start":{"line":74,"column":8},"end":{"line":74,"column":null}},"11":{"start":{"line":75,"column":8},"end":{"line":75,"column":null}},"12":{"start":{"line":76,"column":8},"end":{"line":76,"column":null}}},"fnMap":{"0":{"name":"CsvDropZone","decl":{"start":{"line":47,"column":16},"end":{"line":47,"column":28}},"loc":{"start":{"line":53,"column":19},"end":{"line":220,"column":null}}},"1":{"name":"(anonymous_3)","decl":{"start":{"line":72,"column":24},"end":{"line":72,"column":25}},"loc":{"start":{"line":72,"column":25},"end":{"line":77,"column":null}}}},"branchMap":{"0":{"loc":{"start":{"line":52,"column":4},"end":{"line":52,"column":20}},"type":"default-arg","locations":[{"start":{"line":52,"column":15},"end":{"line":52,"column":20}}]},"1":{"loc":{"start":{"line":68,"column":19},"end":{"line":68,"column":null}},"type":"binary-expr","locations":[{"start":{"line":68,"column":19},"end":{"line":68,"column":37}},{"start":{"line":68,"column":37},"end":{"line":68,"column":null}}]},"2":{"loc":{"start":{"line":69,"column":28},"end":{"line":69,"column":null}},"type":"binary-expr","locations":[{"start":{"line":69,"column":28},"end":{"line":69,"column":40}},{"start":{"line":69,"column":40},"end":{"line":69,"column":null}}]},"3":{"loc":{"start":{"line":90,"column":12},"end":{"line":90,"column":75}},"type":"cond-expr","locations":[{"start":{"line":90,"column":23},"end":{"line":90,"column":57}},{"start":{"line":90,"column":57},"end":{"line":90,"column":75}}]},"4":{"loc":{"start":{"line":91,"column":12},"end":{"line":91,"column":63}},"type":"cond-expr","locations":[{"start":{"line":91,"column":33},"end":{"line":91,"column":60}},{"start":{"line":91,"column":60},"end":{"line":91,"column":63}}]},"5":{"loc":{"start":{"line":98,"column":17},"end":{"line":98,"column":null}},"type":"binary-expr","locations":[{"start":{"line":98,"column":17},"end":{"line":98,"column":null}}]},"6":{"loc":{"start":{"line":114,"column":17},"end":{"line":114,"column":41}},"type":"binary-expr","locations":[{"start":{"line":114,"column":17},"end":{"line":114,"column":41}},{"start":{"line":114,"column":41},"end":{"line":114,"column":null}}]},"7":{"loc":{"start":{"line":150,"column":17},"end":{"line":150,"column":null}},"type":"binary-expr","locations":[{"start":{"line":150,"column":17},"end":{"line":150,"column":null}}]},"8":{"loc":{"start":{"line":166,"column":29},"end":{"line":166,"column":null}},"type":"binary-expr","locations":[{"start":{"line":166,"column":29},"end":{"line":166,"column":38}},{"start":{"line":166,"column":38},"end":{"line":166,"column":null}}]},"9":{"loc":{"start":{"line":178,"column":18},"end":{"line":178,"column":39}},"type":"binary-expr","locations":[{"start":{"line":178,"column":18},"end":{"line":178,"column":39}},{"start":{"line":178,"column":39},"end":{"line":178,"column":56}}]},"10":{"loc":{"start":{"line":180,"column":71},"end":{"line":180,"column":122}},"type":"cond-expr","locations":[{"start":{"line":180,"column":92},"end":{"line":180,"column":108}},{"start":{"line":180,"column":108},"end":{"line":180,"column":122}}]},"11":{"loc":{"start":{"line":196,"column":29},"end":{"line":196,"column":null}},"type":"cond-expr","locations":[{"start":{"line":196,"column":50},"end":{"line":196,"column":75}},{"start":{"line":196,"column":75},"end":{"line":196,"column":null}}]}},"s":{"0":0,"1":0,"2":0,"3":0,"4":0,"5":0,"6":0,"7":0,"8":0,"9":0,"10":0,"11":0,"12":0},"f":{"0":0,"1":0},"b":{"0":[0],"1":[0,0],"2":[0,0],"3":[0,0],"4":[0,0],"5":[0],"6":[0,0],"7":[0],"8":[0,0],"9":[0,0],"10":[0,0],"11":[0,0]}}
,"/home/personal/billing/src/components/CsvFieldMapper.tsx": {"path":"/home/personal/billing/src/components/CsvFieldMapper.tsx","statementMap":{"0":{"start":{"line":36,"column":16},"end":{"line":36,"column":31}},"1":{"start":{"line":3,"column":56},"end":{"line":3,"column":null}},"2":{"start":{"line":20,"column":80},"end":{"line":25,"column":null}},"3":{"start":{"line":28,"column":71},"end":{"line":32,"column":null}},"4":{"start":{"line":34,"column":20},"end":{"line":34,"column":null}},"5":{"start":{"line":42,"column":34},"end":{"line":42,"column":null}},"6":{"start":{"line":45,"column":32},"end":{"line":57,"column":null}},"7":{"start":{"line":46,"column":28},"end":{"line":46,"column":null}},"8":{"start":{"line":48,"column":8},"end":{"line":54,"column":null}},"9":{"start":{"line":49,"column":12},"end":{"line":53,"column":null}},"10":{"start":{"line":50,"column":16},"end":{"line":52,"column":null}},"11":{"start":{"line":51,"column":20},"end":{"line":51,"column":null}},"12":{"start":{"line":56,"column":8},"end":{"line":56,"column":null}},"13":{"start":{"line":60,"column":28},"end":{"line":67,"column":null}},"14":{"start":{"line":61,"column":8},"end":{"line":66,"column":null}},"15":{"start":{"line":62,"column":26},"end":{"line":62,"column":null}},"16":{"start":{"line":63,"column":12},"end":{"line":63,"column":null}},"17":{"start":{"line":65,"column":12},"end":{"line":65,"column":null}},"18":{"start":{"line":70,"column":28},"end":{"line":82,"column":null}},"19":{"start":{"line":71,"column":8},"end":{"line":81,"column":null}},"20":{"start":{"line":72,"column":53},"end":{"line":72,"column":null}},"21":{"start":{"line":73,"column":12},"end":{"line":77,"column":null}},"22":{"start":{"line":74,"column":16},"end":{"line":76,"column":null}},"23":{"start":{"line":75,"column":20},"end":{"line":75,"column":null}},"24":{"start":{"line":78,"column":12},"end":{"line":78,"column":null}},"25":{"start":{"line":85,"column":4},"end":{"line":117,"column":null}},"26":{"start":{"line":86,"column":27},"end":{"line":86,"column":null}},"27":{"start":{"line":88,"column":48},"end":{"line":104,"column":null}},"28":{"start":{"line":89,"column":39},"end":{"line":89,"column":null}},"29":{"start":{"line":92,"column":12},"end":{"line":97,"column":null}},"30":{"start":{"line":93,"column":16},"end":{"line":93,"column":null}},"31":{"start":{"line":96,"column":16},"end":{"line":96,"column":null}},"32":{"start":{"line":99,"column":12},"end":{"line":103,"column":null}},"33":{"start":{"line":107,"column":8},"end":{"line":113,"column":null}},"34":{"start":{"line":107,"column":33},"end":{"line":107,"column":57}},"35":{"start":{"line":108,"column":12},"end":{"line":112,"column":null}},"36":{"start":{"line":109,"column":16},"end":{"line":109,"column":null}},"37":{"start":{"line":110,"column":16},"end":{"line":110,"column":null}},"38":{"start":{"line":111,"column":16},"end":{"line":111,"column":null}},"39":{"start":{"line":115,"column":8},"end":{"line":115,"column":null}},"40":{"start":{"line":116,"column":8},"end":{"line":116,"column":null}},"41":{"start":{"line":119,"column":30},"end":{"line":133,"column":null}},"42":{"start":{"line":120,"column":44},"end":{"line":129,"column":null}},"43":{"start":{"line":121,"column":12},"end":{"line":123,"column":null}},"44":{"start":{"line":122,"column":16},"end":{"line":122,"column":null}},"45":{"start":{"line":125,"column":12},"end":{"line":127,"column":null}},"46":{"start":{"line":126,"column":16},"end":{"line":126,"column":null}},"47":{"start":{"line":128,"column":12},"end":{"line":128,"column":null}},"48":{"start":{"line":131,"column":8},"end":{"line":131,"column":null}},"49":{"start":{"line":132,"column":8},"end":{"line":132,"column":null}},"50":{"start":{"line":135,"column":26},"end":{"line":138,"column":null}},"51":{"start":{"line":136,"column":8},"end":{"line":136,"column":null}},"52":{"start":{"line":137,"column":8},"end":{"line":137,"column":null}},"53":{"start":{"line":140,"column":40},"end":{"line":140,"column":null}},"54":{"start":{"line":141,"column":25},"end":{"line":141,"column":null}},"55":{"start":{"line":141,"column":47},"end":{"line":141,"column":73}},"56":{"start":{"line":141,"column":84},"end":{"line":141,"column":95}},"57":{"start":{"line":142,"column":26},"end":{"line":142,"column":null}},"58":{"start":{"line":142,"column":55},"end":{"line":142,"column":null}},"59":{"start":{"line":143,"column":23},"end":{"line":143,"column":null}},"60":{"start":{"line":164,"column":32},"end":{"line":164,"column":44}},"61":{"start":{"line":174,"column":32},"end":{"line":174,"column":58}},"62":{"start":{"line":177,"column":57},"end":{"line":177,"column":null}},"63":{"start":{"line":188,"column":44},"end":{"line":188,"column":68}},"64":{"start":{"line":198,"column":28},"end":{"line":198,"column":47}},"65":{"start":{"line":200,"column":36},"end":{"line":201,"column":null}}},"fnMap":{"0":{"name":"CsvFieldMapper","decl":{"start":{"line":36,"column":16},"end":{"line":36,"column":31}},"loc":{"start":{"line":41,"column":22},"end":{"line":234,"column":null}}},"1":{"name":"(anonymous_5)","decl":{"start":{"line":45,"column":44},"end":{"line":45,"column":45}},"loc":{"start":{"line":45,"column":45},"end":{"line":57,"column":7}}},"2":{"name":"(anonymous_6)","decl":{"start":{"line":60,"column":40},"end":{"line":60,"column":null}},"loc":{"start":{"line":60,"column":40},"end":{"line":67,"column":7}}},"3":{"name":"(anonymous_7)","decl":{"start":{"line":70,"column":40},"end":{"line":70,"column":41}},"loc":{"start":{"line":70,"column":41},"end":{"line":82,"column":7}}},"4":{"name":"(anonymous_8)","decl":{"start":{"line":73,"column":28},"end":{"line":73,"column":29}},"loc":{"start":{"line":73,"column":29},"end":{"line":77,"column":null}}},"5":{"name":"(anonymous_9)","decl":{"start":{"line":85,"column":14},"end":{"line":85,"column":null}},"loc":{"start":{"line":85,"column":14},"end":{"line":117,"column":7}}},"6":{"name":"(anonymous_10)","decl":{"start":{"line":88,"column":60},"end":{"line":88,"column":61}},"loc":{"start":{"line":88,"column":69},"end":{"line":104,"column":null}}},"7":{"name":"(anonymous_11)","decl":{"start":{"line":107,"column":26},"end":{"line":107,"column":27}},"loc":{"start":{"line":107,"column":33},"end":{"line":107,"column":57}}},"8":{"name":"(anonymous_12)","decl":{"start":{"line":119,"column":30},"end":{"line":119,"column":31}},"loc":{"start":{"line":119,"column":52},"end":{"line":133,"column":null}}},"9":{"name":"(anonymous_13)","decl":{"start":{"line":120,"column":56},"end":{"line":120,"column":57}},"loc":{"start":{"line":120,"column":57},"end":{"line":129,"column":null}}},"10":{"name":"(anonymous_14)","decl":{"start":{"line":135,"column":26},"end":{"line":135,"column":null}},"loc":{"start":{"line":135,"column":26},"end":{"line":138,"column":null}}},"11":{"name":"(anonymous_15)","decl":{"start":{"line":141,"column":40},"end":{"line":141,"column":41}},"loc":{"start":{"line":141,"column":47},"end":{"line":141,"column":73}}},"12":{"name":"(anonymous_16)","decl":{"start":{"line":141,"column":77},"end":{"line":141,"column":78}},"loc":{"start":{"line":141,"column":84},"end":{"line":141,"column":95}}},"13":{"name":"(anonymous_17)","decl":{"start":{"line":142,"column":48},"end":{"line":142,"column":49}},"loc":{"start":{"line":142,"column":55},"end":{"line":142,"column":null}}},"14":{"name":"(anonymous_18)","decl":{"start":{"line":163,"column":41},"end":{"line":163,"column":42}},"loc":{"start":{"line":164,"column":32},"end":{"line":164,"column":44}}},"15":{"name":"(anonymous_19)","decl":{"start":{"line":173,"column":41},"end":{"line":173,"column":42}},"loc":{"start":{"line":174,"column":32},"end":{"line":174,"column":58}}},"16":{"name":"(anonymous_20)","decl":{"start":{"line":177,"column":50},"end":{"line":177,"column":51}},"loc":{"start":{"line":177,"column":57},"end":{"line":177,"column":null}}},"17":{"name":"(anonymous_21)","decl":{"start":{"line":187,"column":59},"end":{"line":187,"column":60}},"loc":{"start":{"line":188,"column":44},"end":{"line":188,"column":68}}},"18":{"name":"(anonymous_22)","decl":{"start":{"line":197,"column":52},"end":{"line":197,"column":53}},"loc":{"start":{"line":198,"column":28},"end":{"line":198,"column":47}}},"19":{"name":"(anonymous_23)","decl":{"start":{"line":199,"column":41},"end":{"line":199,"column":42}},"loc":{"start":{"line":200,"column":36},"end":{"line":201,"column":null}}}},"branchMap":{"0":{"loc":{"start":{"line":50,"column":16},"end":{"line":52,"column":null}},"type":"if","locations":[{"start":{"line":50,"column":16},"end":{"line":52,"column":null}}]},"1":{"loc":{"start":{"line":63,"column":19},"end":{"line":63,"column":null}},"type":"cond-expr","locations":[{"start":{"line":63,"column":27},"end":{"line":63,"column":47}},{"start":{"line":63,"column":47},"end":{"line":63,"column":null}}]},"2":{"loc":{"start":{"line":74,"column":16},"end":{"line":76,"column":null}},"type":"if","locations":[{"start":{"line":74,"column":16},"end":{"line":76,"column":null}}]},"3":{"loc":{"start":{"line":74,"column":20},"end":{"line":74,"column":62}},"type":"binary-expr","locations":[{"start":{"line":74,"column":20},"end":{"line":74,"column":32}},{"start":{"line":74,"column":36},"end":{"line":74,"column":62}}]},"4":{"loc":{"start":{"line":92,"column":12},"end":{"line":97,"column":null}},"type":"if","locations":[{"start":{"line":92,"column":12},"end":{"line":97,"column":null}},{"start":{"line":94,"column":19},"end":{"line":97,"column":null}}]},"5":{"loc":{"start":{"line":92,"column":16},"end":{"line":92,"column":62}},"type":"binary-expr","locations":[{"start":{"line":92,"column":16},"end":{"line":92,"column":30}},{"start":{"line":92,"column":30},"end":{"line":92,"column":62}}]},"6":{"loc":{"start":{"line":107,"column":8},"end":{"line":113,"column":null}},"type":"if","locations":[{"start":{"line":107,"column":8},"end":{"line":113,"column":null}}]},"7":{"loc":{"start":{"line":107,"column":33},"end":{"line":107,"column":57}},"type":"binary-expr","locations":[{"start":{"line":107,"column":33},"end":{"line":107,"column":39}},{"start":{"line":107,"column":39},"end":{"line":107,"column":57}}]},"8":{"loc":{"start":{"line":108,"column":12},"end":{"line":112,"column":null}},"type":"if","locations":[{"start":{"line":108,"column":12},"end":{"line":112,"column":null}}]},"9":{"loc":{"start":{"line":121,"column":12},"end":{"line":123,"column":null}},"type":"if","locations":[{"start":{"line":121,"column":12},"end":{"line":123,"column":null}}]},"10":{"loc":{"start":{"line":125,"column":12},"end":{"line":127,"column":null}},"type":"if","locations":[{"start":{"line":125,"column":12},"end":{"line":127,"column":null}}]},"11":{"loc":{"start":{"line":125,"column":16},"end":{"line":125,"column":69}},"type":"binary-expr","locations":[{"start":{"line":125,"column":16},"end":{"line":125,"column":45}},{"start":{"line":125,"column":45},"end":{"line":125,"column":69}}]},"12":{"loc":{"start":{"line":149,"column":17},"end":{"line":149,"column":null}},"type":"binary-expr","locations":[{"start":{"line":149,"column":17},"end":{"line":149,"column":null}}]},"13":{"loc":{"start":{"line":165,"column":37},"end":{"line":165,"column":64}},"type":"binary-expr","locations":[{"start":{"line":165,"column":37},"end":{"line":165,"column":47}},{"start":{"line":165,"column":47},"end":{"line":165,"column":64}}]},"14":{"loc":{"start":{"line":180,"column":24},"end":{"line":182,"column":null}},"type":"cond-expr","locations":[{"start":{"line":181,"column":50},"end":{"line":181,"column":null}},{"start":{"line":182,"column":50},"end":{"line":182,"column":null}}]},"15":{"loc":{"start":{"line":204,"column":24},"end":{"line":204,"column":103}},"type":"cond-expr","locations":[{"start":{"line":204,"column":69},"end":{"line":204,"column":87}},{"start":{"line":204,"column":87},"end":{"line":204,"column":103}}]},"16":{"loc":{"start":{"line":208,"column":41},"end":{"line":208,"column":null}},"type":"binary-expr","locations":[{"start":{"line":208,"column":41},"end":{"line":208,"column":49}},{"start":{"line":208,"column":49},"end":{"line":208,"column":null}}]},"17":{"loc":{"start":{"line":223,"column":14},"end":{"line":225,"column":null}},"type":"cond-expr","locations":[{"start":{"line":224,"column":30},"end":{"line":224,"column":null}},{"start":{"line":225,"column":30},"end":{"line":225,"column":null}}]}},"s":{"0":0,"1":0,"2":0,"3":0,"4":0,"5":0,"6":0,"7":0,"8":0,"9":0,"10":0,"11":0,"12":0,"13":0,"14":0,"15":0,"16":0,"17":0,"18":0,"19":0,"20":0,"21":0,"22":0,"23":0,"24":0,"25":0,"26":0,"27":0,"28":0,"29":0,"30":0,"31":0,"32":0,"33":0,"34":0,"35":0,"36":0,"37":0,"38":0,"39":0,"40":0,"41":0,"42":0,"43":0,"44":0,"45":0,"46":0,"47":0,"48":0,"49":0,"50":0,"51":0,"52":0,"53":0,"54":0,"55":0,"56":0,"57":0,"58":0,"59":0,"60":0,"61":0,"62":0,"63":0,"64":0,"65":0},"f":{"0":0,"1":0,"2":0,"3":0,"4":0,"5":0,"6":0,"7":0,"8":0,"9":0,"10":0,"11":0,"12":0,"13":0,"14":0,"15":0,"16":0,"17":0,"18":0,"19":0},"b":{"0":[0],"1":[0,0],"2":[0],"3":[0,0],"4":[0,0],"5":[0,0],"6":[0],"7":[0,0],"8":[0],"9":[0],"10":[0],"11":[0,0],"12":[0],"13":[0,0],"14":[0,0],"15":[0,0],"16":[0,0],"17":[0,0]}}
,"/home/personal/billing/src/components/CsvPreviewTable.tsx": {"path":"/home/personal/billing/src/components/CsvPreviewTable.tsx","statementMap":{"0":{"start":{"line":19,"column":16},"end":{"line":19,"column":32}},"1":{"start":{"line":3,"column":64},"end":{"line":3,"column":null}},"2":{"start":{"line":16,"column":19},"end":{"line":16,"column":null}},"3":{"start":{"line":17,"column":20},"end":{"line":17,"column":null}},"4":{"start":{"line":27,"column":25},"end":{"line":27,"column":null}},"5":{"start":{"line":28,"column":38},"end":{"line":28,"column":null}},"6":{"start":{"line":29,"column":50},"end":{"line":29,"column":null}},"7":{"start":{"line":32,"column":25},"end":{"line":34,"column":null}},"8":{"start":{"line":33,"column":8},"end":{"line":33,"column":null}},"9":{"start":{"line":37,"column":24},"end":{"line":37,"column":null}},"10":{"start":{"line":38,"column":23},"end":{"line":38,"column":null}},"11":{"start":{"line":39,"column":21},"end":{"line":41,"column":null}},"12":{"start":{"line":43,"column":24},"end":{"line":43,"column":null}},"13":{"start":{"line":44,"column":20},"end":{"line":44,"column":null}},"14":{"start":{"line":47,"column":30},"end":{"line":47,"column":null}},"15":{"start":{"line":49,"column":4},"end":{"line":53,"column":null}},"16":{"start":{"line":50,"column":8},"end":{"line":52,"column":null}},"17":{"start":{"line":51,"column":12},"end":{"line":51,"column":null}},"18":{"start":{"line":55,"column":27},"end":{"line":63,"column":null}},"19":{"start":{"line":56,"column":27},"end":{"line":56,"column":null}},"20":{"start":{"line":57,"column":26},"end":{"line":57,"column":null}},"21":{"start":{"line":65,"column":23},"end":{"line":75,"column":null}},"22":{"start":{"line":66,"column":8},"end":{"line":74,"column":null}},"23":{"start":{"line":67,"column":26},"end":{"line":67,"column":null}},"24":{"start":{"line":68,"column":12},"end":{"line":70,"column":null}},"25":{"start":{"line":69,"column":16},"end":{"line":69,"column":null}},"26":{"start":{"line":71,"column":12},"end":{"line":71,"column":null}},"27":{"start":{"line":73,"column":12},"end":{"line":73,"column":null}},"28":{"start":{"line":77,"column":4},"end":{"line":97,"column":null}},"29":{"start":{"line":99,"column":22},"end":{"line":101,"column":null}},"30":{"start":{"line":100,"column":8},"end":{"line":101,"column":null}},"31":{"start":{"line":134,"column":35},"end":{"line":134,"column":null}},"32":{"start":{"line":201,"column":61},"end":{"line":201,"column":null}},"33":{"start":{"line":230,"column":50},"end":{"line":230,"column":null}}},"fnMap":{"0":{"name":"CsvPreviewTable","decl":{"start":{"line":19,"column":16},"end":{"line":19,"column":32}},"loc":{"start":{"line":26,"column":23},"end":{"line":244,"column":null}}},"1":{"name":"(anonymous_5)","decl":{"start":{"line":32,"column":37},"end":{"line":32,"column":38}},"loc":{"start":{"line":32,"column":38},"end":{"line":34,"column":7}}},"2":{"name":"(anonymous_6)","decl":{"start":{"line":49,"column":14},"end":{"line":49,"column":null}},"loc":{"start":{"line":49,"column":14},"end":{"line":53,"column":7}}},"3":{"name":"(anonymous_7)","decl":{"start":{"line":55,"column":27},"end":{"line":55,"column":28}},"loc":{"start":{"line":55,"column":28},"end":{"line":63,"column":null}}},"4":{"name":"(anonymous_8)","decl":{"start":{"line":65,"column":23},"end":{"line":65,"column":24}},"loc":{"start":{"line":65,"column":24},"end":{"line":75,"column":null}}},"5":{"name":"(anonymous_9)","decl":{"start":{"line":99,"column":22},"end":{"line":99,"column":23}},"loc":{"start":{"line":100,"column":8},"end":{"line":101,"column":null}}},"6":{"name":"(anonymous_10)","decl":{"start":{"line":134,"column":29},"end":{"line":134,"column":35}},"loc":{"start":{"line":134,"column":35},"end":{"line":134,"column":null}}},"7":{"name":"(anonymous_11)","decl":{"start":{"line":201,"column":49},"end":{"line":201,"column":50}},"loc":{"start":{"line":201,"column":61},"end":{"line":201,"column":null}}},"8":{"name":"(anonymous_12)","decl":{"start":{"line":230,"column":38},"end":{"line":230,"column":39}},"loc":{"start":{"line":230,"column":50},"end":{"line":230,"column":null}}}},"branchMap":{"0":{"loc":{"start":{"line":25,"column":4},"end":{"line":25,"column":19}},"type":"default-arg","locations":[{"start":{"line":25,"column":16},"end":{"line":25,"column":19}}]},"1":{"loc":{"start":{"line":50,"column":8},"end":{"line":52,"column":null}},"type":"if","locations":[{"start":{"line":50,"column":8},"end":{"line":52,"column":null}}]},"2":{"loc":{"start":{"line":59,"column":29},"end":{"line":59,"column":null}},"type":"cond-expr","locations":[{"start":{"line":59,"column":42},"end":{"line":59,"column":61}},{"start":{"line":59,"column":61},"end":{"line":59,"column":null}}]},"3":{"loc":{"start":{"line":60,"column":17},"end":{"line":60,"column":39}},"type":"cond-expr","locations":[{"start":{"line":60,"column":30},"end":{"line":60,"column":36}},{"start":{"line":60,"column":36},"end":{"line":60,"column":39}}]},"4":{"loc":{"start":{"line":68,"column":12},"end":{"line":70,"column":null}},"type":"if","locations":[{"start":{"line":68,"column":12},"end":{"line":70,"column":null}}]},"5":{"loc":{"start":{"line":77,"column":4},"end":{"line":97,"column":null}},"type":"if","locations":[{"start":{"line":77,"column":4},"end":{"line":97,"column":null}}]},"6":{"loc":{"start":{"line":104,"column":10},"end":{"line":104,"column":74}},"type":"cond-expr","locations":[{"start":{"line":104,"column":24},"end":{"line":104,"column":45}},{"start":{"line":104,"column":45},"end":{"line":104,"column":74}}]},"7":{"loc":{"start":{"line":117,"column":31},"end":{"line":117,"column":null}},"type":"cond-expr","locations":[{"start":{"line":117,"column":31},"end":{"line":117,"column":null}}]},"8":{"loc":{"start":{"line":118,"column":60},"end":{"line":118,"column":null}},"type":"binary-expr","locations":[{"start":{"line":118,"column":60},"end":{"line":118,"column":73}},{"start":{"line":118,"column":77},"end":{"line":118,"column":null}}]},"9":{"loc":{"start":{"line":123,"column":20},"end":{"line":127,"column":21}},"type":"cond-expr","locations":[{"start":{"line":123,"column":20},"end":{"line":127,"column":21}}]},"10":{"loc":{"start":{"line":157,"column":21},"end":{"line":157,"column":null}},"type":"binary-expr","locations":[{"start":{"line":157,"column":21},"end":{"line":157,"column":null}}]},"11":{"loc":{"start":{"line":176,"column":20},"end":{"line":206,"column":21}},"type":"cond-expr","locations":[{"start":{"line":176,"column":20},"end":{"line":206,"column":21}}]},"12":{"loc":{"start":{"line":237,"column":13},"end":{"line":237,"column":null}},"type":"binary-expr","locations":[{"start":{"line":237,"column":13},"end":{"line":237,"column":null}}]}},"s":{"0":0,"1":0,"2":0,"3":0,"4":0,"5":0,"6":0,"7":0,"8":0,"9":0,"10":0,"11":0,"12":0,"13":0,"14":0,"15":0,"16":0,"17":0,"18":0,"19":0,"20":0,"21":0,"22":0,"23":0,"24":0,"25":0,"26":0,"27":0,"28":0,"29":0,"30":0,"31":0,"32":0,"33":0},"f":{"0":0,"1":0,"2":0,"3":0,"4":0,"5":0,"6":0,"7":0,"8":0},"b":{"0":[0],"1":[0],"2":[0,0],"3":[0,0],"4":[0],"5":[0],"6":[0,0],"7":[0],"8":[0,0],"9":[0],"10":[0],"11":[0],"12":[0]}}
,"/home/personal/billing/src/components/CsvUploadModal.tsx": {"path":"/home/personal/billing/src/components/CsvUploadModal.tsx","statementMap":{"0":{"start":{"line":18,"column":16},"end":{"line":18,"column":31}},"1":{"start":{"line":3,"column":56},"end":{"line":3,"column":null}},"2":{"start":{"line":4,"column":28},"end":{"line":4,"column":null}},"3":{"start":{"line":5,"column":32},"end":{"line":5,"column":null}},"4":{"start":{"line":6,"column":39},"end":{"line":6,"column":null}},"5":{"start":{"line":7,"column":56},"end":{"line":7,"column":null}},"6":{"start":{"line":8,"column":36},"end":{"line":8,"column":null}},"7":{"start":{"line":19,"column":28},"end":{"line":19,"column":null}},"8":{"start":{"line":20,"column":48},"end":{"line":20,"column":null}},"9":{"start":{"line":21,"column":36},"end":{"line":21,"column":null}},"10":{"start":{"line":23,"column":28},"end":{"line":23,"column":null}},"11":{"start":{"line":23,"column":59},"end":{"line":23,"column":80}},"12":{"start":{"line":24,"column":30},"end":{"line":24,"column":null}},"13":{"start":{"line":24,"column":61},"end":{"line":24,"column":84}},"14":{"start":{"line":38,"column":8},"end":{"line":42,"column":null}},"15":{"start":{"line":40,"column":26},"end":{"line":40,"column":null}},"16":{"start":{"line":41,"column":23},"end":{"line":41,"column":null}},"17":{"start":{"line":45,"column":4},"end":{"line":51,"column":null}},"18":{"start":{"line":46,"column":8},"end":{"line":50,"column":null}},"19":{"start":{"line":47,"column":12},"end":{"line":47,"column":null}},"20":{"start":{"line":48,"column":12},"end":{"line":48,"column":null}},"21":{"start":{"line":49,"column":12},"end":{"line":49,"column":null}},"22":{"start":{"line":53,"column":29},"end":{"line":56,"column":null}},"23":{"start":{"line":54,"column":8},"end":{"line":54,"column":null}},"24":{"start":{"line":55,"column":8},"end":{"line":55,"column":null}},"25":{"start":{"line":58,"column":24},"end":{"line":62,"column":null}},"26":{"start":{"line":59,"column":8},"end":{"line":59,"column":null}},"27":{"start":{"line":60,"column":8},"end":{"line":60,"column":null}},"28":{"start":{"line":61,"column":8},"end":{"line":61,"column":null}},"29":{"start":{"line":64,"column":25},"end":{"line":83,"column":null}},"30":{"start":{"line":65,"column":26},"end":{"line":65,"column":null}},"31":{"start":{"line":67,"column":44},"end":{"line":73,"column":null}},"32":{"start":{"line":67,"column":68},"end":{"line":73,"column":null}},"33":{"start":{"line":75,"column":8},"end":{"line":75,"column":null}},"34":{"start":{"line":76,"column":8},"end":{"line":76,"column":null}},"35":{"start":{"line":77,"column":8},"end":{"line":77,"column":null}},"36":{"start":{"line":80,"column":8},"end":{"line":82,"column":null}},"37":{"start":{"line":81,"column":12},"end":{"line":81,"column":null}},"38":{"start":{"line":85,"column":33},"end":{"line":92,"column":null}},"39":{"start":{"line":86,"column":8},"end":{"line":86,"column":null}},"40":{"start":{"line":88,"column":8},"end":{"line":91,"column":null}},"41":{"start":{"line":94,"column":4},"end":{"line":94,"column":null}},"42":{"start":{"line":94,"column":17},"end":{"line":94,"column":null}}},"fnMap":{"0":{"name":"CsvUploadModal","decl":{"start":{"line":18,"column":16},"end":{"line":18,"column":31}},"loc":{"start":{"line":18,"column":71},"end":{"line":217,"column":null}}},"1":{"name":"(anonymous_5)","decl":{"start":{"line":23,"column":48},"end":{"line":23,"column":49}},"loc":{"start":{"line":23,"column":59},"end":{"line":23,"column":80}}},"2":{"name":"(anonymous_6)","decl":{"start":{"line":24,"column":50},"end":{"line":24,"column":51}},"loc":{"start":{"line":24,"column":61},"end":{"line":24,"column":84}}},"3":{"name":"(anonymous_7)","decl":{"start":{"line":40,"column":20},"end":{"line":40,"column":26}},"loc":{"start":{"line":40,"column":26},"end":{"line":40,"column":null}}},"4":{"name":"(anonymous_8)","decl":{"start":{"line":41,"column":17},"end":{"line":41,"column":23}},"loc":{"start":{"line":41,"column":23},"end":{"line":41,"column":null}}},"5":{"name":"(anonymous_9)","decl":{"start":{"line":45,"column":14},"end":{"line":45,"column":null}},"loc":{"start":{"line":45,"column":14},"end":{"line":51,"column":7}}},"6":{"name":"(anonymous_10)","decl":{"start":{"line":53,"column":41},"end":{"line":53,"column":42}},"loc":{"start":{"line":53,"column":42},"end":{"line":56,"column":7}}},"7":{"name":"(anonymous_11)","decl":{"start":{"line":58,"column":36},"end":{"line":58,"column":null}},"loc":{"start":{"line":58,"column":36},"end":{"line":62,"column":7}}},"8":{"name":"(anonymous_12)","decl":{"start":{"line":64,"column":37},"end":{"line":64,"column":null}},"loc":{"start":{"line":64,"column":37},"end":{"line":83,"column":7}}},"9":{"name":"(anonymous_13)","decl":{"start":{"line":67,"column":58},"end":{"line":67,"column":59}},"loc":{"start":{"line":67,"column":68},"end":{"line":73,"column":null}}},"10":{"name":"(anonymous_14)","decl":{"start":{"line":80,"column":19},"end":{"line":80,"column":null}},"loc":{"start":{"line":80,"column":19},"end":{"line":82,"column":11}}},"11":{"name":"(anonymous_15)","decl":{"start":{"line":85,"column":45},"end":{"line":85,"column":46}},"loc":{"start":{"line":85,"column":46},"end":{"line":92,"column":7}}}},"branchMap":{"0":{"loc":{"start":{"line":46,"column":8},"end":{"line":50,"column":null}},"type":"if","locations":[{"start":{"line":46,"column":8},"end":{"line":50,"column":null}}]},"1":{"loc":{"start":{"line":88,"column":8},"end":{"line":91,"column":null}},"type":"if","locations":[{"start":{"line":88,"column":8},"end":{"line":91,"column":null}}]},"2":{"loc":{"start":{"line":88,"column":12},"end":{"line":88,"column":44}},"type":"binary-expr","locations":[{"start":{"line":88,"column":12},"end":{"line":88,"column":24}},{"start":{"line":88,"column":24},"end":{"line":88,"column":44}}]},"3":{"loc":{"start":{"line":94,"column":4},"end":{"line":94,"column":null}},"type":"if","locations":[{"start":{"line":94,"column":4},"end":{"line":94,"column":null}}]},"4":{"loc":{"start":{"line":117,"column":33},"end":{"line":117,"column":null}},"type":"binary-expr","locations":[{"start":{"line":117,"column":33},"end":{"line":117,"column":54}},{"start":{"line":117,"column":54},"end":{"line":117,"column":null}}]},"5":{"loc":{"start":{"line":118,"column":33},"end":{"line":118,"column":null}},"type":"binary-expr","locations":[{"start":{"line":118,"column":33},"end":{"line":118,"column":55}},{"start":{"line":118,"column":55},"end":{"line":118,"column":null}}]},"6":{"loc":{"start":{"line":119,"column":33},"end":{"line":119,"column":null}},"type":"binary-expr","locations":[{"start":{"line":119,"column":33},"end":{"line":119,"column":56}},{"start":{"line":119,"column":56},"end":{"line":119,"column":null}}]},"7":{"loc":{"start":{"line":125,"column":25},"end":{"line":125,"column":null}},"type":"binary-expr","locations":[{"start":{"line":125,"column":25},"end":{"line":125,"column":null}}]},"8":{"loc":{"start":{"line":145,"column":21},"end":{"line":145,"column":null}},"type":"binary-expr","locations":[{"start":{"line":145,"column":21},"end":{"line":145,"column":null}}]},"9":{"loc":{"start":{"line":148,"column":36},"end":{"line":148,"column":null}},"type":"cond-expr","locations":[{"start":{"line":148,"column":59},"end":{"line":148,"column":74}},{"start":{"line":148,"column":74},"end":{"line":148,"column":null}}]},"10":{"loc":{"start":{"line":148,"column":74},"end":{"line":148,"column":null}},"type":"cond-expr","locations":[{"start":{"line":148,"column":95},"end":{"line":148,"column":105}},{"start":{"line":148,"column":105},"end":{"line":148,"column":null}}]},"11":{"loc":{"start":{"line":155,"column":21},"end":{"line":155,"column":null}},"type":"binary-expr","locations":[{"start":{"line":155,"column":21},"end":{"line":155,"column":null}}]},"12":{"loc":{"start":{"line":167,"column":21},"end":{"line":167,"column":null}},"type":"binary-expr","locations":[{"start":{"line":167,"column":21},"end":{"line":167,"column":null}}]},"13":{"loc":{"start":{"line":183,"column":17},"end":{"line":183,"column":null}},"type":"binary-expr","locations":[{"start":{"line":183,"column":17},"end":{"line":183,"column":null}}]},"14":{"loc":{"start":{"line":193,"column":29},"end":{"line":193,"column":null}},"type":"binary-expr","locations":[{"start":{"line":193,"column":29},"end":{"line":193,"column":null}}]},"15":{"loc":{"start":{"line":203,"column":20},"end":{"line":205,"column":null}},"type":"cond-expr","locations":[{"start":{"line":204,"column":42},"end":{"line":204,"column":null}},{"start":{"line":205,"column":42},"end":{"line":205,"column":null}}]},"16":{"loc":{"start":{"line":209,"column":54},"end":{"line":209,"column":null}},"type":"cond-expr","locations":[{"start":{"line":209,"column":72},"end":{"line":209,"column":86}},{"start":{"line":209,"column":86},"end":{"line":209,"column":null}}]}},"s":{"0":0,"1":0,"2":0,"3":0,"4":0,"5":0,"6":0,"7":0,"8":0,"9":0,"10":0,"11":0,"12":0,"13":0,"14":0,"15":0,"16":0,"17":0,"18":0,"19":0,"20":0,"21":0,"22":0,"23":0,"24":0,"25":0,"26":0,"27":0,"28":0,"29":0,"30":0,"31":0,"32":0,"33":0,"34":0,"35":0,"36":0,"37":0,"38":0,"39":0,"40":0,"41":0,"42":0},"f":{"0":0,"1":0,"2":0,"3":0,"4":0,"5":0,"6":0,"7":0,"8":0,"9":0,"10":0,"11":0},"b":{"0":[0],"1":[0],"2":[0,0],"3":[0],"4":[0,0],"5":[0,0],"6":[0,0],"7":[0],"8":[0],"9":[0,0],"10":[0,0],"11":[0],"12":[0],"13":[0],"14":[0],"15":[0,0],"16":[0,0]}}
,"/home/personal/billing/src/components/CsvUploader.tsx": {"path":"/home/personal/billing/src/components/CsvUploader.tsx","statementMap":{"0":{"start":{"line":6,"column":16},"end":{"line":6,"column":null}},"1":{"start":{"line":3,"column":32},"end":{"line":3,"column":null}},"2":{"start":{"line":4,"column":31},"end":{"line":4,"column":null}},"3":{"start":{"line":7,"column":42},"end":{"line":7,"column":null}},"4":{"start":{"line":12,"column":31},"end":{"line":12,"column":null}},"5":{"start":{"line":35,"column":31},"end":{"line":35,"column":null}}},"fnMap":{"0":{"name":"CsvUploader","decl":{"start":{"line":6,"column":16},"end":{"line":6,"column":null}},"loc":{"start":{"line":6,"column":16},"end":{"line":39,"column":null}}},"1":{"name":"(anonymous_5)","decl":{"start":{"line":12,"column":25},"end":{"line":12,"column":31}},"loc":{"start":{"line":12,"column":31},"end":{"line":12,"column":null}}},"2":{"name":"(anonymous_6)","decl":{"start":{"line":35,"column":25},"end":{"line":35,"column":31}},"loc":{"start":{"line":35,"column":31},"end":{"line":35,"column":null}}}},"branchMap":{},"s":{"0":0,"1":0,"2":0,"3":0,"4":0,"5":0},"f":{"0":0,"1":0,"2":0},"b":{}}
,"/home/personal/billing/src/components/CurrencyFormatSelector.tsx": {"path":"/home/personal/billing/src/components/CurrencyFormatSelector.tsx","statementMap":{"0":{"start":{"line":17,"column":16},"end":{"line":17,"column":39}},"1":{"start":{"line":3,"column":18},"end":{"line":3,"column":null}},"2":{"start":{"line":12,"column":74},"end":{"line":15,"column":null}},"3":{"start":{"line":27,"column":20},"end":{"line":28,"column":null}},"4":{"start":{"line":29,"column":39},"end":{"line":29,"column":null}}},"fnMap":{"0":{"name":"CurrencyFormatSelector","decl":{"start":{"line":17,"column":16},"end":{"line":17,"column":39}},"loc":{"start":{"line":21,"column":30},"end":{"line":50,"column":null}}},"1":{"name":"(anonymous_3)","decl":{"start":{"line":26,"column":29},"end":{"line":26,"column":30}},"loc":{"start":{"line":27,"column":20},"end":{"line":28,"column":null}}},"2":{"name":"(anonymous_4)","decl":{"start":{"line":29,"column":33},"end":{"line":29,"column":39}},"loc":{"start":{"line":29,"column":39},"end":{"line":29,"column":null}}}},"branchMap":{"0":{"loc":{"start":{"line":20,"column":4},"end":{"line":20,"column":20}},"type":"default-arg","locations":[{"start":{"line":20,"column":15},"end":{"line":20,"column":20}}]},"1":{"loc":{"start":{"line":33,"column":16},"end":{"line":35,"column":null}},"type":"cond-expr","locations":[{"start":{"line":34,"column":34},"end":{"line":34,"column":null}},{"start":{"line":35,"column":34},"end":{"line":35,"column":null}}]},"2":{"loc":{"start":{"line":37,"column":16},"end":{"line":37,"column":64}},"type":"cond-expr","locations":[{"start":{"line":37,"column":27},"end":{"line":37,"column":61}},{"start":{"line":37,"column":61},"end":{"line":37,"column":64}}]}},"s":{"0":0,"1":0,"2":0,"3":0,"4":0},"f":{"0":0,"1":0,"2":0},"b":{"0":[0],"1":[0,0],"2":[0,0]}}
,"/home/personal/billing/src/components/ExportButton.tsx": {"path":"/home/personal/billing/src/components/ExportButton.tsx","statementMap":{"0":{"start":{"line":8,"column":16},"end":{"line":8,"column":null}},"1":{"start":{"line":3,"column":32},"end":{"line":3,"column":null}},"2":{"start":{"line":4,"column":36},"end":{"line":4,"column":null}},"3":{"start":{"line":9,"column":32},"end":{"line":9,"column":null}},"4":{"start":{"line":10,"column":25},"end":{"line":10,"column":null}},"5":{"start":{"line":10,"column":56},"end":{"line":10,"column":74}},"6":{"start":{"line":12,"column":23},"end":{"line":49,"column":null}},"7":{"start":{"line":13,"column":28},"end":{"line":13,"column":null}},"8":{"start":{"line":13,"column":55},"end":{"line":13,"column":null}},"9":{"start":{"line":15,"column":8},"end":{"line":18,"column":null}},"10":{"start":{"line":16,"column":12},"end":{"line":16,"column":null}},"11":{"start":{"line":17,"column":12},"end":{"line":17,"column":null}},"12":{"start":{"line":24,"column":8},"end":{"line":36,"column":null}},"13":{"start":{"line":25,"column":12},"end":{"line":25,"column":null}},"14":{"start":{"line":26,"column":12},"end":{"line":26,"column":null}},"15":{"start":{"line":27,"column":12},"end":{"line":27,"column":null}},"16":{"start":{"line":29,"column":27},"end":{"line":29,"column":null}},"17":{"start":{"line":30,"column":25},"end":{"line":32,"column":null}},"18":{"start":{"line":31,"column":28},"end":{"line":31,"column":92}},"19":{"start":{"line":33,"column":12},"end":{"line":33,"column":null}},"20":{"start":{"line":34,"column":12},"end":{"line":34,"column":null}},"21":{"start":{"line":35,"column":12},"end":{"line":35,"column":null}},"22":{"start":{"line":38,"column":21},"end":{"line":38,"column":null}},"23":{"start":{"line":39,"column":20},"end":{"line":39,"column":null}},"24":{"start":{"line":40,"column":21},"end":{"line":40,"column":null}},"25":{"start":{"line":41,"column":8},"end":{"line":41,"column":null}},"26":{"start":{"line":42,"column":8},"end":{"line":42,"column":null}},"27":{"start":{"line":43,"column":8},"end":{"line":43,"column":null}},"28":{"start":{"line":44,"column":8},"end":{"line":44,"column":null}},"29":{"start":{"line":45,"column":8},"end":{"line":45,"column":null}},"30":{"start":{"line":46,"column":8},"end":{"line":46,"column":null}},"31":{"start":{"line":48,"column":8},"end":{"line":48,"column":null}},"32":{"start":{"line":54,"column":31},"end":{"line":54,"column":null}},"33":{"start":{"line":79,"column":39},"end":{"line":79,"column":null}},"34":{"start":{"line":83,"column":43},"end":{"line":83,"column":null}},"35":{"start":{"line":90,"column":43},"end":{"line":90,"column":null}}},"fnMap":{"0":{"name":"ExportButton","decl":{"start":{"line":8,"column":16},"end":{"line":8,"column":null}},"loc":{"start":{"line":8,"column":16},"end":{"line":101,"column":null}}},"1":{"name":"(anonymous_5)","decl":{"start":{"line":10,"column":45},"end":{"line":10,"column":46}},"loc":{"start":{"line":10,"column":56},"end":{"line":10,"column":74}}},"2":{"name":"(anonymous_6)","decl":{"start":{"line":12,"column":23},"end":{"line":12,"column":24}},"loc":{"start":{"line":12,"column":24},"end":{"line":49,"column":null}}},"3":{"name":"(anonymous_7)","decl":{"start":{"line":13,"column":48},"end":{"line":13,"column":49}},"loc":{"start":{"line":13,"column":55},"end":{"line":13,"column":null}}},"4":{"name":"(anonymous_8)","decl":{"start":{"line":31,"column":21},"end":{"line":31,"column":22}},"loc":{"start":{"line":31,"column":28},"end":{"line":31,"column":92}}},"5":{"name":"(anonymous_9)","decl":{"start":{"line":54,"column":25},"end":{"line":54,"column":31}},"loc":{"start":{"line":54,"column":31},"end":{"line":54,"column":null}}},"6":{"name":"(anonymous_10)","decl":{"start":{"line":79,"column":33},"end":{"line":79,"column":39}},"loc":{"start":{"line":79,"column":39},"end":{"line":79,"column":null}}},"7":{"name":"(anonymous_11)","decl":{"start":{"line":83,"column":37},"end":{"line":83,"column":43}},"loc":{"start":{"line":83,"column":43},"end":{"line":83,"column":null}}},"8":{"name":"(anonymous_12)","decl":{"start":{"line":90,"column":37},"end":{"line":90,"column":43}},"loc":{"start":{"line":90,"column":43},"end":{"line":90,"column":null}}}},"branchMap":{"0":{"loc":{"start":{"line":15,"column":8},"end":{"line":18,"column":null}},"type":"if","locations":[{"start":{"line":15,"column":8},"end":{"line":18,"column":null}}]},"1":{"loc":{"start":{"line":24,"column":8},"end":{"line":36,"column":null}},"type":"if","locations":[{"start":{"line":24,"column":8},"end":{"line":36,"column":null}},{"start":{"line":28,"column":15},"end":{"line":36,"column":null}}]},"2":{"loc":{"start":{"line":75,"column":13},"end":{"line":75,"column":null}},"type":"binary-expr","locations":[{"start":{"line":75,"column":13},"end":{"line":75,"column":null}}]}},"s":{"0":0,"1":0,"2":0,"3":0,"4":0,"5":0,"6":0,"7":0,"8":0,"9":0,"10":0,"11":0,"12":0,"13":0,"14":0,"15":0,"16":0,"17":0,"18":0,"19":0,"20":0,"21":0,"22":0,"23":0,"24":0,"25":0,"26":0,"27":0,"28":0,"29":0,"30":0,"31":0,"32":0,"33":0,"34":0,"35":0},"f":{"0":0,"1":0,"2":0,"3":0,"4":0,"5":0,"6":0,"7":0,"8":0},"b":{"0":[0],"1":[0,0],"2":[0]}}
,"/home/personal/billing/src/components/InboxList.tsx": {"path":"/home/personal/billing/src/components/InboxList.tsx","statementMap":{"0":{"start":{"line":7,"column":16},"end":{"line":7,"column":null}},"1":{"start":{"line":3,"column":18},"end":{"line":3,"column":null}},"2":{"start":{"line":4,"column":36},"end":{"line":4,"column":null}},"3":{"start":{"line":5,"column":32},"end":{"line":5,"column":null}},"4":{"start":{"line":8,"column":26},"end":{"line":8,"column":null}},"5":{"start":{"line":8,"column":57},"end":{"line":8,"column":null}},"6":{"start":{"line":9,"column":23},"end":{"line":9,"column":null}},"7":{"start":{"line":9,"column":54},"end":{"line":9,"column":70}},"8":{"start":{"line":10,"column":26},"end":{"line":10,"column":null}},"9":{"start":{"line":10,"column":57},"end":{"line":10,"column":76}},"10":{"start":{"line":49,"column":41},"end":{"line":49,"column":null}},"11":{"start":{"line":56,"column":43},"end":{"line":56,"column":null}},"12":{"start":{"line":100,"column":24},"end":{"line":100,"column":62}}},"fnMap":{"0":{"name":"InboxList","decl":{"start":{"line":7,"column":16},"end":{"line":7,"column":null}},"loc":{"start":{"line":7,"column":16},"end":{"line":106,"column":null}}},"1":{"name":"(anonymous_3)","decl":{"start":{"line":8,"column":46},"end":{"line":8,"column":47}},"loc":{"start":{"line":8,"column":57},"end":{"line":8,"column":null}}},"2":{"name":"(anonymous_4)","decl":{"start":{"line":9,"column":43},"end":{"line":9,"column":44}},"loc":{"start":{"line":9,"column":54},"end":{"line":9,"column":70}}},"3":{"name":"(anonymous_5)","decl":{"start":{"line":10,"column":46},"end":{"line":10,"column":47}},"loc":{"start":{"line":10,"column":57},"end":{"line":10,"column":76}}},"4":{"name":"(anonymous_6)","decl":{"start":{"line":49,"column":34},"end":{"line":49,"column":35}},"loc":{"start":{"line":49,"column":41},"end":{"line":49,"column":null}}},"5":{"name":"(anonymous_7)","decl":{"start":{"line":56,"column":37},"end":{"line":56,"column":43}},"loc":{"start":{"line":56,"column":43},"end":{"line":56,"column":null}}},"6":{"name":"(anonymous_8)","decl":{"start":{"line":99,"column":38},"end":{"line":99,"column":39}},"loc":{"start":{"line":100,"column":24},"end":{"line":100,"column":62}}}},"branchMap":{"0":{"loc":{"start":{"line":24,"column":52},"end":{"line":24,"column":98}},"type":"cond-expr","locations":[{"start":{"line":24,"column":81},"end":{"line":24,"column":90}},{"start":{"line":24,"column":90},"end":{"line":24,"column":98}}]},"1":{"loc":{"start":{"line":54,"column":21},"end":{"line":54,"column":null}},"type":"binary-expr","locations":[{"start":{"line":54,"column":21},"end":{"line":54,"column":null}}]},"2":{"loc":{"start":{"line":79,"column":17},"end":{"line":100,"column":62}},"type":"cond-expr","locations":[{"start":{"line":80,"column":20},"end":{"line":99,"column":34}},{"start":{"line":99,"column":20},"end":{"line":100,"column":62}}]}},"s":{"0":0,"1":0,"2":0,"3":0,"4":0,"5":0,"6":0,"7":0,"8":0,"9":0,"10":0,"11":0,"12":0},"f":{"0":0,"1":0,"2":0,"3":0,"4":0,"5":0,"6":0},"b":{"0":[0,0],"1":[0],"2":[0,0]}}
,"/home/personal/billing/src/components/Onboarding.tsx": {"path":"/home/personal/billing/src/components/Onboarding.tsx","statementMap":{"0":{"start":{"line":12,"column":16},"end":{"line":12,"column":null}},"1":{"start":{"line":3,"column":51},"end":{"line":3,"column":null}},"2":{"start":{"line":4,"column":30},"end":{"line":4,"column":null}},"3":{"start":{"line":22,"column":8},"end":{"line":22,"column":null}},"4":{"start":{"line":24,"column":36},"end":{"line":24,"column":null}},"5":{"start":{"line":25,"column":40},"end":{"line":25,"column":null}},"6":{"start":{"line":26,"column":23},"end":{"line":26,"column":null}},"7":{"start":{"line":28,"column":4},"end":{"line":84,"column":null}},"8":{"start":{"line":29,"column":8},"end":{"line":29,"column":null}},"9":{"start":{"line":29,"column":39},"end":{"line":29,"column":null}},"10":{"start":{"line":31,"column":31},"end":{"line":74,"column":null}},"11":{"start":{"line":32,"column":27},"end":{"line":32,"column":null}},"12":{"start":{"line":33,"column":12},"end":{"line":33,"column":null}},"13":{"start":{"line":33,"column":25},"end":{"line":33,"column":null}},"14":{"start":{"line":35,"column":25},"end":{"line":35,"column":null}},"15":{"start":{"line":36,"column":12},"end":{"line":36,"column":null}},"16":{"start":{"line":38,"column":33},"end":{"line":38,"column":null}},"17":{"start":{"line":39,"column":34},"end":{"line":39,"column":null}},"18":{"start":{"line":40,"column":28},"end":{"line":40,"column":null}},"19":{"start":{"line":42,"column":22},"end":{"line":42,"column":null}},"20":{"start":{"line":43,"column":23},"end":{"line":43,"column":null}},"21":{"start":{"line":44,"column":69},"end":{"line":44,"column":null}},"22":{"start":{"line":46,"column":12},"end":{"line":67,"column":null}},"23":{"start":{"line":48,"column":20},"end":{"line":48,"column":null}},"24":{"start":{"line":49,"column":20},"end":{"line":49,"column":null}},"25":{"start":{"line":50,"column":20},"end":{"line":50,"column":null}},"26":{"start":{"line":51,"column":20},"end":{"line":51,"column":null}},"27":{"start":{"line":53,"column":20},"end":{"line":53,"column":null}},"28":{"start":{"line":54,"column":20},"end":{"line":54,"column":null}},"29":{"start":{"line":55,"column":20},"end":{"line":55,"column":null}},"30":{"start":{"line":56,"column":20},"end":{"line":56,"column":null}},"31":{"start":{"line":58,"column":20},"end":{"line":58,"column":null}},"32":{"start":{"line":59,"column":20},"end":{"line":59,"column":null}},"33":{"start":{"line":60,"column":20},"end":{"line":60,"column":null}},"34":{"start":{"line":61,"column":20},"end":{"line":61,"column":null}},"35":{"start":{"line":63,"column":20},"end":{"line":63,"column":null}},"36":{"start":{"line":64,"column":20},"end":{"line":64,"column":null}},"37":{"start":{"line":65,"column":20},"end":{"line":65,"column":null}},"38":{"start":{"line":66,"column":20},"end":{"line":66,"column":null}},"39":{"start":{"line":70,"column":12},"end":{"line":70,"column":null}},"40":{"start":{"line":71,"column":12},"end":{"line":71,"column":null}},"41":{"start":{"line":73,"column":12},"end":{"line":73,"column":null}},"42":{"start":{"line":76,"column":8},"end":{"line":76,"column":null}},"43":{"start":{"line":77,"column":8},"end":{"line":77,"column":null}},"44":{"start":{"line":78,"column":8},"end":{"line":78,"column":null}},"45":{"start":{"line":80,"column":8},"end":{"line":83,"column":null}},"46":{"start":{"line":81,"column":12},"end":{"line":81,"column":null}},"47":{"start":{"line":82,"column":12},"end":{"line":82,"column":null}},"48":{"start":{"line":86,"column":4},"end":{"line":86,"column":null}},"49":{"start":{"line":86,"column":48},"end":{"line":86,"column":null}}},"fnMap":{"0":{"name":"Onboarding","decl":{"start":{"line":12,"column":16},"end":{"line":12,"column":null}},"loc":{"start":{"line":12,"column":16},"end":{"line":203,"column":null}}},"1":{"name":"(anonymous_5)","decl":{"start":{"line":28,"column":14},"end":{"line":28,"column":null}},"loc":{"start":{"line":28,"column":14},"end":{"line":84,"column":7}}},"2":{"name":"(anonymous_6)","decl":{"start":{"line":31,"column":31},"end":{"line":31,"column":null}},"loc":{"start":{"line":31,"column":31},"end":{"line":74,"column":null}}},"3":{"name":"(anonymous_7)","decl":{"start":{"line":80,"column":15},"end":{"line":80,"column":null}},"loc":{"start":{"line":80,"column":15},"end":{"line":83,"column":null}}}},"branchMap":{"0":{"loc":{"start":{"line":29,"column":8},"end":{"line":29,"column":null}},"type":"if","locations":[{"start":{"line":29,"column":8},"end":{"line":29,"column":null}}]},"1":{"loc":{"start":{"line":29,"column":12},"end":{"line":29,"column":39}},"type":"binary-expr","locations":[{"start":{"line":29,"column":12},"end":{"line":29,"column":25}},{"start":{"line":29,"column":25},"end":{"line":29,"column":39}}]},"2":{"loc":{"start":{"line":33,"column":12},"end":{"line":33,"column":null}},"type":"if","locations":[{"start":{"line":33,"column":12},"end":{"line":33,"column":null}}]},"3":{"loc":{"start":{"line":46,"column":12},"end":{"line":67,"column":null}},"type":"switch","locations":[{"start":{"line":47,"column":16},"end":{"line":51,"column":null}},{"start":{"line":52,"column":16},"end":{"line":56,"column":null}},{"start":{"line":57,"column":16},"end":{"line":61,"column":null}},{"start":{"line":62,"column":16},"end":{"line":66,"column":null}}]},"4":{"loc":{"start":{"line":86,"column":4},"end":{"line":86,"column":null}},"type":"if","locations":[{"start":{"line":86,"column":4},"end":{"line":86,"column":null}}]},"5":{"loc":{"start":{"line":86,"column":8},"end":{"line":86,"column":48}},"type":"binary-expr","locations":[{"start":{"line":86,"column":8},"end":{"line":86,"column":21}},{"start":{"line":86,"column":21},"end":{"line":86,"column":37}},{"start":{"line":86,"column":37},"end":{"line":86,"column":48}}]},"6":{"loc":{"start":{"line":96,"column":29},"end":{"line":96,"column":null}},"type":"binary-expr","locations":[{"start":{"line":96,"column":29},"end":{"line":96,"column":null}}]},"7":{"loc":{"start":{"line":118,"column":13},"end":{"line":118,"column":null}},"type":"binary-expr","locations":[{"start":{"line":118,"column":13},"end":{"line":118,"column":null}}]},"8":{"loc":{"start":{"line":141,"column":96},"end":{"line":147,"column":null}},"type":"cond-expr","locations":[{"start":{"line":142,"column":30},"end":{"line":142,"column":null}},{"start":{"line":143,"column":30},"end":{"line":147,"column":null}}]},"9":{"loc":{"start":{"line":143,"column":30},"end":{"line":147,"column":null}},"type":"cond-expr","locations":[{"start":{"line":144,"column":34},"end":{"line":144,"column":null}},{"start":{"line":145,"column":34},"end":{"line":147,"column":null}}]},"10":{"loc":{"start":{"line":145,"column":34},"end":{"line":147,"column":null}},"type":"cond-expr","locations":[{"start":{"line":146,"column":38},"end":{"line":146,"column":null}},{"start":{"line":147,"column":38},"end":{"line":147,"column":null}}]},"11":{"loc":{"start":{"line":182,"column":29},"end":{"line":182,"column":null}},"type":"binary-expr","locations":[{"start":{"line":182,"column":29},"end":{"line":182,"column":null}}]},"12":{"loc":{"start":{"line":195,"column":33},"end":{"line":195,"column":null}},"type":"cond-expr","locations":[{"start":{"line":195,"column":46},"end":{"line":195,"column":59}},{"start":{"line":195,"column":59},"end":{"line":195,"column":null}}]}},"s":{"0":0,"1":0,"2":0,"3":0,"4":0,"5":0,"6":0,"7":0,"8":0,"9":0,"10":0,"11":0,"12":0,"13":0,"14":0,"15":0,"16":0,"17":0,"18":0,"19":0,"20":0,"21":0,"22":0,"23":0,"24":0,"25":0,"26":0,"27":0,"28":0,"29":0,"30":0,"31":0,"32":0,"33":0,"34":0,"35":0,"36":0,"37":0,"38":0,"39":0,"40":0,"41":0,"42":0,"43":0,"44":0,"45":0,"46":0,"47":0,"48":0,"49":0},"f":{"0":0,"1":0,"2":0,"3":0},"b":{"0":[0],"1":[0,0],"2":[0],"3":[0,0,0,0],"4":[0],"5":[0,0,0],"6":[0],"7":[0],"8":[0,0],"9":[0,0],"10":[0,0],"11":[0],"12":[0,0]}}
,"/home/personal/billing/src/components/TransactionCard.tsx": {"path":"/home/personal/billing/src/components/TransactionCard.tsx","statementMap":{"0":{"start":{"line":13,"column":16},"end":{"line":13,"column":32}},"1":{"start":{"line":3,"column":18},"end":{"line":3,"column":null}},"2":{"start":{"line":4,"column":29},"end":{"line":4,"column":null}},"3":{"start":{"line":5,"column":67},"end":{"line":5,"column":null}},"4":{"start":{"line":6,"column":36},"end":{"line":6,"column":null}},"5":{"start":{"line":14,"column":34},"end":{"line":14,"column":null}},"6":{"start":{"line":14,"column":65},"end":{"line":14,"column":92}},"7":{"start":{"line":16,"column":73},"end":{"line":19,"column":null}},"8":{"start":{"line":21,"column":18},"end":{"line":25,"column":null}},"9":{"start":{"line":27,"column":23},"end":{"line":37,"column":null}},"10":{"start":{"line":28,"column":8},"end":{"line":36,"column":null}},"11":{"start":{"line":29,"column":26},"end":{"line":29,"column":null}},"12":{"start":{"line":30,"column":12},"end":{"line":32,"column":null}},"13":{"start":{"line":31,"column":16},"end":{"line":31,"column":null}},"14":{"start":{"line":33,"column":12},"end":{"line":33,"column":null}},"15":{"start":{"line":35,"column":12},"end":{"line":35,"column":null}},"16":{"start":{"line":39,"column":27},"end":{"line":46,"column":null}},"17":{"start":{"line":40,"column":27},"end":{"line":40,"column":null}},"18":{"start":{"line":48,"column":33},"end":{"line":53,"column":null}},"19":{"start":{"line":49,"column":22},"end":{"line":49,"column":36}},"20":{"start":{"line":50,"column":8},"end":{"line":52,"column":null}},"21":{"start":{"line":51,"column":12},"end":{"line":51,"column":null}},"22":{"start":{"line":55,"column":26},"end":{"line":57,"column":null}},"23":{"start":{"line":99,"column":36},"end":{"line":99,"column":null}},"24":{"start":{"line":100,"column":40},"end":{"line":100,"column":null}},"25":{"start":{"line":110,"column":24},"end":{"line":110,"column":42}}},"fnMap":{"0":{"name":"TransactionCard","decl":{"start":{"line":13,"column":16},"end":{"line":13,"column":32}},"loc":{"start":{"line":13,"column":84},"end":{"line":130,"column":null}}},"1":{"name":"(anonymous_3)","decl":{"start":{"line":14,"column":54},"end":{"line":14,"column":55}},"loc":{"start":{"line":14,"column":65},"end":{"line":14,"column":92}}},"2":{"name":"(anonymous_4)","decl":{"start":{"line":27,"column":23},"end":{"line":27,"column":24}},"loc":{"start":{"line":27,"column":24},"end":{"line":37,"column":null}}},"3":{"name":"(anonymous_5)","decl":{"start":{"line":39,"column":27},"end":{"line":39,"column":28}},"loc":{"start":{"line":39,"column":28},"end":{"line":46,"column":null}}},"4":{"name":"(anonymous_6)","decl":{"start":{"line":48,"column":33},"end":{"line":48,"column":34}},"loc":{"start":{"line":48,"column":34},"end":{"line":53,"column":null}}},"5":{"name":"(anonymous_7)","decl":{"start":{"line":99,"column":29},"end":{"line":99,"column":30}},"loc":{"start":{"line":99,"column":36},"end":{"line":99,"column":null}}},"6":{"name":"(anonymous_8)","decl":{"start":{"line":100,"column":33},"end":{"line":100,"column":34}},"loc":{"start":{"line":100,"column":40},"end":{"line":100,"column":null}}},"7":{"name":"(anonymous_9)","decl":{"start":{"line":109,"column":36},"end":{"line":109,"column":37}},"loc":{"start":{"line":110,"column":24},"end":{"line":110,"column":42}}}},"branchMap":{"0":{"loc":{"start":{"line":21,"column":18},"end":{"line":25,"column":null}},"type":"cond-expr","locations":[{"start":{"line":22,"column":10},"end":{"line":24,"column":null}},{"start":{"line":25,"column":10},"end":{"line":25,"column":null}}]},"1":{"loc":{"start":{"line":30,"column":12},"end":{"line":32,"column":null}},"type":"if","locations":[{"start":{"line":30,"column":12},"end":{"line":32,"column":null}}]},"2":{"loc":{"start":{"line":42,"column":29},"end":{"line":42,"column":null}},"type":"cond-expr","locations":[{"start":{"line":42,"column":42},"end":{"line":42,"column":61}},{"start":{"line":42,"column":61},"end":{"line":42,"column":null}}]},"3":{"loc":{"start":{"line":43,"column":17},"end":{"line":43,"column":39}},"type":"cond-expr","locations":[{"start":{"line":43,"column":30},"end":{"line":43,"column":36}},{"start":{"line":43,"column":36},"end":{"line":43,"column":39}}]},"4":{"loc":{"start":{"line":50,"column":8},"end":{"line":52,"column":null}},"type":"if","locations":[{"start":{"line":50,"column":8},"end":{"line":52,"column":null}}]},"5":{"loc":{"start":{"line":55,"column":26},"end":{"line":57,"column":null}},"type":"cond-expr","locations":[{"start":{"line":56,"column":10},"end":{"line":56,"column":47}},{"start":{"line":57,"column":10},"end":{"line":57,"column":null}}]},"6":{"loc":{"start":{"line":68,"column":10},"end":{"line":68,"column":51}},"type":"cond-expr","locations":[{"start":{"line":68,"column":23},"end":{"line":68,"column":48}},{"start":{"line":68,"column":48},"end":{"line":68,"column":51}}]},"7":{"loc":{"start":{"line":69,"column":10},"end":{"line":69,"column":63}},"type":"cond-expr","locations":[{"start":{"line":69,"column":26},"end":{"line":69,"column":60}},{"start":{"line":69,"column":60},"end":{"line":69,"column":63}}]},"8":{"loc":{"start":{"line":70,"column":10},"end":{"line":70,"column":81}},"type":"cond-expr","locations":[{"start":{"line":70,"column":26},"end":{"line":70,"column":38}},{"start":{"line":70,"column":41},"end":{"line":70,"column":81}}]},"9":{"loc":{"start":{"line":75,"column":13},"end":{"line":75,"column":null}},"type":"binary-expr","locations":[{"start":{"line":75,"column":13},"end":{"line":75,"column":null}}]},"10":{"loc":{"start":{"line":95,"column":13},"end":{"line":95,"column":34}},"type":"binary-expr","locations":[{"start":{"line":95,"column":13},"end":{"line":95,"column":34}}]},"11":{"loc":{"start":{"line":117,"column":13},"end":{"line":117,"column":33}},"type":"binary-expr","locations":[{"start":{"line":117,"column":13},"end":{"line":117,"column":33}}]}},"s":{"0":0,"1":0,"2":0,"3":0,"4":0,"5":0,"6":0,"7":0,"8":0,"9":0,"10":0,"11":0,"12":0,"13":0,"14":0,"15":0,"16":0,"17":0,"18":0,"19":0,"20":0,"21":0,"22":0,"23":0,"24":0,"25":0},"f":{"0":0,"1":0,"2":0,"3":0,"4":0,"5":0,"6":0,"7":0},"b":{"0":[0,0],"1":[0],"2":[0,0],"3":[0,0],"4":[0],"5":[0,0],"6":[0,0],"7":[0,0],"8":[0,0],"9":[0],"10":[0],"11":[0]}}
,"/home/personal/billing/src/components/UndoRedoControls.tsx": {"path":"/home/personal/billing/src/components/UndoRedoControls.tsx","statementMap":{"0":{"start":{"line":12,"column":16},"end":{"line":12,"column":33}},"1":{"start":{"line":3,"column":18},"end":{"line":3,"column":null}}},"fnMap":{"0":{"name":"UndoRedoControls","decl":{"start":{"line":12,"column":16},"end":{"line":12,"column":33}},"loc":{"start":{"line":12,"column":92},"end":{"line":68,"column":null}}}},"branchMap":{"0":{"loc":{"start":{"line":21,"column":22},"end":{"line":23,"column":null}},"type":"cond-expr","locations":[{"start":{"line":22,"column":26},"end":{"line":22,"column":null}},{"start":{"line":23,"column":26},"end":{"line":23,"column":null}}]},"1":{"loc":{"start":{"line":47,"column":22},"end":{"line":49,"column":null}},"type":"cond-expr","locations":[{"start":{"line":48,"column":26},"end":{"line":48,"column":null}},{"start":{"line":49,"column":26},"end":{"line":49,"column":null}}]}},"s":{"0":0,"1":0},"f":{"0":0},"b":{"0":[0,0],"1":[0,0]}}
,"/home/personal/billing/src/components/__tests__/CsvDropZone.test.tsx": {"path":"/home/personal/billing/src/components/__tests__/CsvDropZone.test.tsx","statementMap":{"0":{"start":{"line":32,"column":0},"end":{"line":42,"column":null}},"1":{"start":{"line":32,"column":40},"end":{"line":42,"column":null}},"2":{"start":{"line":33,"column":32},"end":{"line":41,"column":null}},"3":{"start":{"line":6,"column":18},"end":{"line":6,"column":null}},"4":{"start":{"line":7,"column":42},"end":{"line":7,"column":null}},"5":{"start":{"line":8,"column":28},"end":{"line":8,"column":null}},"6":{"start":{"line":44,"column":28},"end":{"line":44,"column":null}},"7":{"start":{"line":11,"column":22},"end":{"line":11,"column":null}},"8":{"start":{"line":12,"column":22},"end":{"line":12,"column":null}},"9":{"start":{"line":13,"column":25},"end":{"line":23,"column":null}},"10":{"start":{"line":13,"column":40},"end":{"line":23,"column":null}},"11":{"start":{"line":24,"column":26},"end":{"line":30,"column":null}},"12":{"start":{"line":24,"column":41},"end":{"line":30,"column":null}},"13":{"start":{"line":46,"column":0},"end":{"line":214,"column":null}},"14":{"start":{"line":47,"column":4},"end":{"line":49,"column":null}},"15":{"start":{"line":48,"column":8},"end":{"line":48,"column":null}},"16":{"start":{"line":51,"column":4},"end":{"line":67,"column":null}},"17":{"start":{"line":52,"column":8},"end":{"line":55,"column":null}},"18":{"start":{"line":54,"column":12},"end":{"line":54,"column":null}},"19":{"start":{"line":57,"column":8},"end":{"line":60,"column":null}},"20":{"start":{"line":59,"column":12},"end":{"line":59,"column":null}},"21":{"start":{"line":62,"column":8},"end":{"line":66,"column":null}},"22":{"start":{"line":64,"column":12},"end":{"line":64,"column":null}},"23":{"start":{"line":65,"column":12},"end":{"line":65,"column":null}},"24":{"start":{"line":69,"column":4},"end":{"line":84,"column":null}},"25":{"start":{"line":70,"column":8},"end":{"line":83,"column":null}},"26":{"start":{"line":71,"column":13},"end":{"line":79,"column":null}},"27":{"start":{"line":82,"column":12},"end":{"line":82,"column":null}},"28":{"start":{"line":86,"column":4},"end":{"line":102,"column":null}},"29":{"start":{"line":87,"column":8},"end":{"line":101,"column":null}},"30":{"start":{"line":88,"column":13},"end":{"line":96,"column":null}},"31":{"start":{"line":99,"column":12},"end":{"line":99,"column":null}},"32":{"start":{"line":100,"column":12},"end":{"line":100,"column":null}},"33":{"start":{"line":104,"column":4},"end":{"line":135,"column":null}},"34":{"start":{"line":105,"column":8},"end":{"line":119,"column":null}},"35":{"start":{"line":106,"column":13},"end":{"line":114,"column":null}},"36":{"start":{"line":117,"column":12},"end":{"line":117,"column":null}},"37":{"start":{"line":118,"column":12},"end":{"line":118,"column":null}},"38":{"start":{"line":121,"column":8},"end":{"line":134,"column":null}},"39":{"start":{"line":122,"column":13},"end":{"line":130,"column":null}},"40":{"start":{"line":133,"column":12},"end":{"line":133,"column":null}},"41":{"start":{"line":137,"column":4},"end":{"line":168,"column":null}},"42":{"start":{"line":138,"column":8},"end":{"line":152,"column":null}},"43":{"start":{"line":139,"column":13},"end":{"line":147,"column":null}},"44":{"start":{"line":150,"column":12},"end":{"line":150,"column":null}},"45":{"start":{"line":151,"column":12},"end":{"line":151,"column":null}},"46":{"start":{"line":154,"column":8},"end":{"line":167,"column":null}},"47":{"start":{"line":155,"column":13},"end":{"line":163,"column":null}},"48":{"start":{"line":166,"column":12},"end":{"line":166,"column":null}},"49":{"start":{"line":170,"column":4},"end":{"line":189,"column":null}},"50":{"start":{"line":171,"column":8},"end":{"line":188,"column":null}},"51":{"start":{"line":173,"column":13},"end":{"line":181,"column":null}},"52":{"start":{"line":185,"column":29},"end":{"line":185,"column":null}},"53":{"start":{"line":186,"column":12},"end":{"line":186,"column":null}},"54":{"start":{"line":187,"column":12},"end":{"line":187,"column":null}},"55":{"start":{"line":191,"column":4},"end":{"line":213,"column":null}},"56":{"start":{"line":192,"column":8},"end":{"line":212,"column":null}},"57":{"start":{"line":193,"column":28},"end":{"line":193,"column":null}},"58":{"start":{"line":194,"column":13},"end":{"line":202,"column":null}},"59":{"start":{"line":206,"column":32},"end":{"line":206,"column":null}},"60":{"start":{"line":207,"column":12},"end":{"line":207,"column":null}},"61":{"start":{"line":209,"column":12},"end":{"line":209,"column":null}},"62":{"start":{"line":210,"column":12},"end":{"line":210,"column":null}},"63":{"start":{"line":211,"column":12},"end":{"line":211,"column":null}}},"fnMap":{"0":{"name":"(anonymous_0)","decl":{"start":{"line":32,"column":33},"end":{"line":32,"column":40}},"loc":{"start":{"line":32,"column":40},"end":{"line":42,"column":null}}},"1":{"name":"(anonymous_1)","decl":{"start":{"line":33,"column":25},"end":{"line":33,"column":32}},"loc":{"start":{"line":33,"column":32},"end":{"line":41,"column":null}}},"2":{"name":"(anonymous_3)","decl":{"start":{"line":13,"column":33},"end":{"line":13,"column":40}},"loc":{"start":{"line":13,"column":40},"end":{"line":23,"column":null}}},"3":{"name":"(anonymous_4)","decl":{"start":{"line":24,"column":34},"end":{"line":24,"column":41}},"loc":{"start":{"line":24,"column":41},"end":{"line":30,"column":null}}},"4":{"name":"(anonymous_5)","decl":{"start":{"line":46,"column":24},"end":{"line":46,"column":null}},"loc":{"start":{"line":46,"column":24},"end":{"line":214,"column":null}}},"5":{"name":"(anonymous_6)","decl":{"start":{"line":47,"column":15},"end":{"line":47,"column":null}},"loc":{"start":{"line":47,"column":15},"end":{"line":49,"column":null}}},"6":{"name":"(anonymous_7)","decl":{"start":{"line":51,"column":28},"end":{"line":51,"column":null}},"loc":{"start":{"line":51,"column":28},"end":{"line":67,"column":null}}},"7":{"name":"(anonymous_8)","decl":{"start":{"line":52,"column":53},"end":{"line":52,"column":null}},"loc":{"start":{"line":52,"column":53},"end":{"line":55,"column":null}}},"8":{"name":"(anonymous_9)","decl":{"start":{"line":57,"column":55},"end":{"line":57,"column":null}},"loc":{"start":{"line":57,"column":55},"end":{"line":60,"column":null}}},"9":{"name":"(anonymous_10)","decl":{"start":{"line":62,"column":45},"end":{"line":62,"column":null}},"loc":{"start":{"line":62,"column":45},"end":{"line":66,"column":null}}},"10":{"name":"(anonymous_11)","decl":{"start":{"line":69,"column":29},"end":{"line":69,"column":null}},"loc":{"start":{"line":69,"column":29},"end":{"line":84,"column":null}}},"11":{"name":"(anonymous_12)","decl":{"start":{"line":70,"column":47},"end":{"line":70,"column":null}},"loc":{"start":{"line":70,"column":47},"end":{"line":83,"column":null}}},"12":{"name":"(anonymous_13)","decl":{"start":{"line":86,"column":34},"end":{"line":86,"column":null}},"loc":{"start":{"line":86,"column":34},"end":{"line":102,"column":null}}},"13":{"name":"(anonymous_14)","decl":{"start":{"line":87,"column":50},"end":{"line":87,"column":null}},"loc":{"start":{"line":87,"column":50},"end":{"line":101,"column":null}}},"14":{"name":"(anonymous_15)","decl":{"start":{"line":104,"column":31},"end":{"line":104,"column":null}},"loc":{"start":{"line":104,"column":31},"end":{"line":135,"column":null}}},"15":{"name":"(anonymous_16)","decl":{"start":{"line":105,"column":49},"end":{"line":105,"column":null}},"loc":{"start":{"line":105,"column":49},"end":{"line":119,"column":null}}},"16":{"name":"(anonymous_17)","decl":{"start":{"line":121,"column":51},"end":{"line":121,"column":null}},"loc":{"start":{"line":121,"column":51},"end":{"line":134,"column":null}}},"17":{"name":"(anonymous_18)","decl":{"start":{"line":137,"column":29},"end":{"line":137,"column":null}},"loc":{"start":{"line":137,"column":29},"end":{"line":168,"column":null}}},"18":{"name":"(anonymous_19)","decl":{"start":{"line":138,"column":40},"end":{"line":138,"column":null}},"loc":{"start":{"line":138,"column":40},"end":{"line":152,"column":null}}},"19":{"name":"(anonymous_20)","decl":{"start":{"line":154,"column":49},"end":{"line":154,"column":null}},"loc":{"start":{"line":154,"column":49},"end":{"line":167,"column":null}}},"20":{"name":"(anonymous_21)","decl":{"start":{"line":170,"column":31},"end":{"line":170,"column":null}},"loc":{"start":{"line":170,"column":31},"end":{"line":189,"column":null}}},"21":{"name":"(anonymous_22)","decl":{"start":{"line":171,"column":46},"end":{"line":171,"column":null}},"loc":{"start":{"line":171,"column":46},"end":{"line":188,"column":null}}},"22":{"name":"(anonymous_23)","decl":{"start":{"line":191,"column":27},"end":{"line":191,"column":null}},"loc":{"start":{"line":191,"column":27},"end":{"line":213,"column":null}}},"23":{"name":"(anonymous_24)","decl":{"start":{"line":192,"column":63},"end":{"line":192,"column":null}},"loc":{"start":{"line":192,"column":63},"end":{"line":212,"column":null}}}},"branchMap":{},"s":{"0":0,"1":0,"2":0,"3":0,"4":0,"5":0,"6":0,"7":0,"8":0,"9":0,"10":0,"11":0,"12":0,"13":0,"14":0,"15":0,"16":0,"17":0,"18":0,"19":0,"20":0,"21":0,"22":0,"23":0,"24":0,"25":0,"26":0,"27":0,"28":0,"29":0,"30":0,"31":0,"32":0,"33":0,"34":0,"35":0,"36":0,"37":0,"38":0,"39":0,"40":0,"41":0,"42":0,"43":0,"44":0,"45":0,"46":0,"47":0,"48":0,"49":0,"50":0,"51":0,"52":0,"53":0,"54":0,"55":0,"56":0,"57":0,"58":0,"59":0,"60":0,"61":0,"62":0,"63":0},"f":{"0":0,"1":0,"2":0,"3":0,"4":0,"5":0,"6":0,"7":0,"8":0,"9":0,"10":0,"11":0,"12":0,"13":0,"14":0,"15":0,"16":0,"17":0,"18":0,"19":0,"20":0,"21":0,"22":0,"23":0},"b":{}}
,"/home/personal/billing/src/components/__tests__/TransactionCard.test.tsx": {"path":"/home/personal/billing/src/components/__tests__/TransactionCard.test.tsx","statementMap":{"0":{"start":{"line":12,"column":0},"end":{"line":16,"column":null}},"1":{"start":{"line":12,"column":45},"end":{"line":16,"column":null}},"2":{"start":{"line":13,"column":32},"end":{"line":15,"column":null}},"3":{"start":{"line":19,"column":0},"end":{"line":27,"column":null}},"4":{"start":{"line":19,"column":34},"end":{"line":27,"column":null}},"5":{"start":{"line":20,"column":25},"end":{"line":26,"column":null}},"6":{"start":{"line":6,"column":18},"end":{"line":6,"column":null}},"7":{"start":{"line":7,"column":31},"end":{"line":7,"column":null}},"8":{"start":{"line":8,"column":32},"end":{"line":8,"column":null}},"9":{"start":{"line":31,"column":4},"end":{"line":38,"column":null}},"10":{"start":{"line":41,"column":0},"end":{"line":128,"column":null}},"11":{"start":{"line":42,"column":4},"end":{"line":52,"column":null}},"12":{"start":{"line":43,"column":8},"end":{"line":46,"column":null}},"13":{"start":{"line":45,"column":12},"end":{"line":45,"column":null}},"14":{"start":{"line":48,"column":8},"end":{"line":51,"column":null}},"15":{"start":{"line":50,"column":12},"end":{"line":50,"column":null}},"16":{"start":{"line":54,"column":4},"end":{"line":73,"column":null}},"17":{"start":{"line":55,"column":8},"end":{"line":59,"column":null}},"18":{"start":{"line":58,"column":12},"end":{"line":58,"column":null}},"19":{"start":{"line":61,"column":8},"end":{"line":64,"column":null}},"20":{"start":{"line":63,"column":12},"end":{"line":63,"column":null}},"21":{"start":{"line":66,"column":8},"end":{"line":72,"column":null}},"22":{"start":{"line":69,"column":33},"end":{"line":69,"column":null}},"23":{"start":{"line":70,"column":12},"end":{"line":70,"column":null}},"24":{"start":{"line":71,"column":12},"end":{"line":71,"column":null}},"25":{"start":{"line":75,"column":4},"end":{"line":97,"column":null}},"26":{"start":{"line":76,"column":8},"end":{"line":80,"column":null}},"27":{"start":{"line":78,"column":12},"end":{"line":78,"column":null}},"28":{"start":{"line":79,"column":12},"end":{"line":79,"column":null}},"29":{"start":{"line":82,"column":8},"end":{"line":86,"column":null}},"30":{"start":{"line":84,"column":12},"end":{"line":84,"column":null}},"31":{"start":{"line":85,"column":12},"end":{"line":85,"column":null}},"32":{"start":{"line":88,"column":8},"end":{"line":96,"column":null}},"33":{"start":{"line":90,"column":27},"end":{"line":90,"column":null}},"34":{"start":{"line":92,"column":12},"end":{"line":92,"column":null}},"35":{"start":{"line":93,"column":12},"end":{"line":93,"column":null}},"36":{"start":{"line":94,"column":12},"end":{"line":94,"column":null}},"37":{"start":{"line":95,"column":12},"end":{"line":95,"column":null}},"38":{"start":{"line":99,"column":4},"end":{"line":112,"column":null}},"39":{"start":{"line":100,"column":8},"end":{"line":111,"column":null}},"40":{"start":{"line":108,"column":25},"end":{"line":108,"column":45}},"41":{"start":{"line":109,"column":12},"end":{"line":109,"column":null}},"42":{"start":{"line":110,"column":12},"end":{"line":110,"column":null}},"43":{"start":{"line":114,"column":4},"end":{"line":127,"column":null}},"44":{"start":{"line":115,"column":8},"end":{"line":118,"column":null}},"45":{"start":{"line":117,"column":12},"end":{"line":117,"column":null}},"46":{"start":{"line":120,"column":8},"end":{"line":126,"column":null}},"47":{"start":{"line":121,"column":30},"end":{"line":121,"column":null}},"48":{"start":{"line":124,"column":33},"end":{"line":124,"column":null}},"49":{"start":{"line":125,"column":12},"end":{"line":125,"column":null}}},"fnMap":{"0":{"name":"(anonymous_0)","decl":{"start":{"line":12,"column":38},"end":{"line":12,"column":45}},"loc":{"start":{"line":12,"column":45},"end":{"line":16,"column":null}}},"1":{"name":"(anonymous_1)","decl":{"start":{"line":13,"column":25},"end":{"line":13,"column":32}},"loc":{"start":{"line":13,"column":32},"end":{"line":15,"column":null}}},"2":{"name":"(anonymous_2)","decl":{"start":{"line":19,"column":27},"end":{"line":19,"column":34}},"loc":{"start":{"line":19,"column":34},"end":{"line":27,"column":null}}},"3":{"name":"(anonymous_3)","decl":{"start":{"line":20,"column":18},"end":{"line":20,"column":25}},"loc":{"start":{"line":20,"column":25},"end":{"line":26,"column":null}}},"4":{"name":"createTransaction","decl":{"start":{"line":30,"column":9},"end":{"line":30,"column":27}},"loc":{"start":{"line":30,"column":63},"end":{"line":39,"column":null}}},"5":{"name":"(anonymous_6)","decl":{"start":{"line":41,"column":28},"end":{"line":41,"column":null}},"loc":{"start":{"line":41,"column":28},"end":{"line":128,"column":null}}},"6":{"name":"(anonymous_7)","decl":{"start":{"line":42,"column":36},"end":{"line":42,"column":null}},"loc":{"start":{"line":42,"column":36},"end":{"line":52,"column":null}}},"7":{"name":"(anonymous_8)","decl":{"start":{"line":43,"column":48},"end":{"line":43,"column":null}},"loc":{"start":{"line":43,"column":48},"end":{"line":46,"column":null}}},"8":{"name":"(anonymous_9)","decl":{"start":{"line":48,"column":56},"end":{"line":48,"column":null}},"loc":{"start":{"line":48,"column":56},"end":{"line":51,"column":null}}},"9":{"name":"(anonymous_10)","decl":{"start":{"line":54,"column":38},"end":{"line":54,"column":null}},"loc":{"start":{"line":54,"column":38},"end":{"line":73,"column":null}}},"10":{"name":"(anonymous_11)","decl":{"start":{"line":55,"column":48},"end":{"line":55,"column":null}},"loc":{"start":{"line":55,"column":48},"end":{"line":59,"column":null}}},"11":{"name":"(anonymous_12)","decl":{"start":{"line":61,"column":43},"end":{"line":61,"column":null}},"loc":{"start":{"line":61,"column":43},"end":{"line":64,"column":null}}},"12":{"name":"(anonymous_13)","decl":{"start":{"line":66,"column":75},"end":{"line":66,"column":null}},"loc":{"start":{"line":66,"column":75},"end":{"line":72,"column":null}}},"13":{"name":"(anonymous_14)","decl":{"start":{"line":75,"column":26},"end":{"line":75,"column":null}},"loc":{"start":{"line":75,"column":26},"end":{"line":97,"column":null}}},"14":{"name":"(anonymous_15)","decl":{"start":{"line":76,"column":57},"end":{"line":76,"column":null}},"loc":{"start":{"line":76,"column":57},"end":{"line":80,"column":null}}},"15":{"name":"(anonymous_16)","decl":{"start":{"line":82,"column":43},"end":{"line":82,"column":null}},"loc":{"start":{"line":82,"column":43},"end":{"line":86,"column":null}}},"16":{"name":"(anonymous_17)","decl":{"start":{"line":88,"column":52},"end":{"line":88,"column":null}},"loc":{"start":{"line":88,"column":52},"end":{"line":96,"column":null}}},"17":{"name":"(anonymous_18)","decl":{"start":{"line":99,"column":24},
[...]
line":69,"column":8},"end":{"line":69,"column":null}},"21":{"start":{"line":70,"column":8},"end":{"line":70,"column":null}},"22":{"start":{"line":72,"column":8},"end":{"line":72,"column":null}},"23":{"start":{"line":73,"column":8},"end":{"line":73,"column":null}},"24":{"start":{"line":76,"column":19},"end":{"line":76,"column":null}},"25":{"start":{"line":77,"column":4},"end":{"line":77,"column":null}},"26":{"start":{"line":87,"column":4},"end":{"line":89,"column":null}},"27":{"start":{"line":88,"column":8},"end":{"line":88,"column":null}},"28":{"start":{"line":93,"column":16},"end":{"line":95,"column":null}},"29":{"start":{"line":94,"column":8},"end":{"line":94,"column":null}},"30":{"start":{"line":97,"column":4},"end":{"line":97,"column":null}},"31":{"start":{"line":106,"column":4},"end":{"line":106,"column":null}},"32":{"start":{"line":106,"column":16},"end":{"line":106,"column":null}},"33":{"start":{"line":108,"column":20},"end":{"line":108,"column":null}},"34":{"start":{"line":111,"column":17},"end":{"line":111,"column":52}},"35":{"start":{"line":112,"column":19},"end":{"line":112,"column":53}},"36":{"start":{"line":117,"column":4},"end":{"line":123,"column":null}},"37":{"start":{"line":119,"column":27},"end":{"line":119,"column":null}},"38":{"start":{"line":120,"column":8},"end":{"line":122,"column":null}},"39":{"start":{"line":121,"column":12},"end":{"line":121,"column":null}},"40":{"start":{"line":125,"column":4},"end":{"line":131,"column":null}},"41":{"start":{"line":127,"column":25},"end":{"line":127,"column":null}},"42":{"start":{"line":128,"column":8},"end":{"line":130,"column":null}},"43":{"start":{"line":129,"column":12},"end":{"line":129,"column":null}},"44":{"start":{"line":134,"column":4},"end":{"line":134,"column":null}}},"fnMap":{"0":{"name":"parseCurrency","decl":{"start":{"line":19,"column":16},"end":{"line":19,"column":29}},"loc":{"start":{"line":19,"column":77},"end":{"line":48,"column":null}}},"1":{"name":"formatCurrency","decl":{"start":{"line":57,"column":16},"end":{"line":57,"column":30}},"loc":{"start":{"line":60,"column":33},"end":{"line":78,"column":null}}},"2":{"name":"sumValues","decl":{"start":{"line":86,"column":16},"end":{"line":86,"column":25}},"loc":{"start":{"line":86,"column":42},"end":{"line":98,"column":null}}},"3":{"name":"(anonymous_8)","decl":{"start":{"line":93,"column":30},"end":{"line":93,"column":31}},"loc":{"start":{"line":93,"column":36},"end":{"line":95,"column":7}}},"4":{"name":"detectCurrencyFormat","decl":{"start":{"line":105,"column":16},"end":{"line":105,"column":36}},"loc":{"start":{"line":105,"column":50},"end":{"line":135,"column":null}}}},"branchMap":{"0":{"loc":{"start":{"line":19,"column":45},"end":{"line":19,"column":77}},"type":"default-arg","locations":[{"start":{"line":19,"column":70},"end":{"line":19,"column":77}}]},"1":{"loc":{"start":{"line":20,"column":4},"end":{"line":22,"column":null}},"type":"if","locations":[{"start":{"line":20,"column":4},"end":{"line":22,"column":null}}]},"2":{"loc":{"start":{"line":20,"column":8},"end":{"line":20,"column":39}},"type":"binary-expr","locations":[{"start":{"line":20,"column":8},"end":{"line":20,"column":18}},{"start":{"line":20,"column":18},"end":{"line":20,"column":39}}]},"3":{"loc":{"start":{"line":30,"column":8},"end":{"line":36,"column":null}},"type":"if","locations":[{"start":{"line":30,"column":8},"end":{"line":36,"column":null}},{"start":{"line":33,"column":15},"end":{"line":36,"column":null}}]},"4":{"loc":{"start":{"line":40,"column":8},"end":{"line":42,"column":null}},"type":"if","locations":[{"start":{"line":40,"column":8},"end":{"line":42,"column":null}}]},"5":{"loc":{"start":{"line":59,"column":4},"end":{"line":59,"column":36}},"type":"default-arg","locations":[{"start":{"line":59,"column":29},"end":{"line":59,"column":36}}]},"6":{"loc":{"start":{"line":60,"column":4},"end":{"line":60,"column":33}},"type":"default-arg","locations":[{"start":{"line":60,"column":29},"end":{"line":60,"column":33}}]},"7":{"loc":{"start":{"line":68,"column":4},"end":{"line":74,"column":null}},"type":"if","locations":[{"start":{"line":68,"column":4},"end":{"line":74,"column":null}},{"start":{"line":71,"column":11},"end":{"line":74,"column":null}}]},"8":{"loc":{"start":{"line":76,"column":19},"end":{"line":76,"column":null}},"type":"cond-expr","locations":[{"start":{"line":76,"column":32},"end":{"line":76,"column":38}},{"start":{"line":76,"column":38},"end":{"line":76,"column":null}}]},"9":{"loc":{"start":{"line":77,"column":11},"end":{"line":77,"column":85}},"type":"cond-expr","locations":[{"start":{"line":77,"column":27},"end":{"line":77,"column":59}},{"start":{"line":77,"column":62},"end":{"line":77,"column":85}}]},"10":{"loc":{"start":{"line":87,"column":4},"end":{"line":89,"column":null}},"type":"if","locations":[{"start":{"line":87,"column":4},"end":{"line":89,"column":null}}]},"11":{"loc":{"start":{"line":106,"column":4},"end":{"line":106,"column":null}},"type":"if","locations":[{"start":{"line":106,"column":4},"end":{"line":106,"column":null}}]},"12":{"loc":{"start":{"line":111,"column":18},"end":{"line":111,"column":43}},"type":"binary-expr","locations":[{"start":{"line":111,"column":18},"end":{"line":111,"column":42}},{"start":{"line":111,"column":42},"end":{"line":111,"column":43}}]},"13":{"loc":{"start":{"line":112,"column":20},"end":{"line":112,"column":44}},"type":"binary-expr","locations":[{"start":{"line":112,"column":20},"end":{"line":112,"column":43}},{"start":{"line":112,"column":43},"end":{"line":112,"column":44}}]},"14":{"loc":{"start":{"line":117,"column":4},"end":{"line":123,"column":null}},"type":"if","locations":[{"start":{"line":117,"column":4},"end":{"line":123,"column":null}}]},"15":{"loc":{"start":{"line":117,"column":8},"end":{"line":117,"column":35}},"type":"binary-expr","locations":[{"start":{"line":117,"column":8},"end":{"line":117,"column":24}},{"start":{"line":117,"column":24},"end":{"line":117,"column":35}}]},"16":{"loc":{"start":{"line":120,"column":8},"end":{"line":122,"column":null}},"type":"if","locations":[{"start":{"line":120,"column":8},"end":{"line":122,"column":null}}]},"17":{"loc":{"start":{"line":125,"column":4},"end":{"line":131,"column":null}},"type":"if","locations":[{"start":{"line":125,"column":4},"end":{"line":131,"column":null}}]},"18":{"loc":{"start":{"line":125,"column":8},"end":{"line":125,"column":35}},"type":"binary-expr","locations":[{"start":{"line":125,"column":8},"end":{"line":125,"column":22}},{"start":{"line":125,"column":22},"end":{"line":125,"column":35}}]},"19":{"loc":{"start":{"line":128,"column":8},"end":{"line":130,"column":null}},"type":"if","locations":[{"start":{"line":128,"column":8},"end":{"line":130,"column":null}}]}},"s":{"0":5,"1":9,"2":26,"3":34,"4":26,"5":2,"6":24,"7":24,"8":24,"9":24,"10":14,"11":10,"12":24,"13":24,"14":2,"15":22,"16":0,"17":9,"18":9,"19":9,"20":6,"21":6,"22":3,"23":3,"24":9,"25":9,"26":34,"27":7,"28":27,"29":69,"30":27,"31":5,"32":1,"33":4,"34":4,"35":4,"36":4,"37":3,"38":3,"39":2,"40":2,"41":2,"42":2,"43":2,"44":0},"f":{"0":26,"1":9,"2":34,"3":69,"4":5},"b":{"0":[1],"1":[2],"2":[26,25],"3":[14,10],"4":[2],"5":[0],"6":[8],"7":[6,3],"8":[1,8],"9":[8,1],"10":[7],"11":[1],"12":[4,1],"13":[4,1],"14":[3],"15":[4,3],"16":[2],"17":[2],"18":[2,2],"19":[2]}}
,"/home/personal/billing/src/utils/date.ts": {"path":"/home/personal/billing/src/utils/date.ts","statementMap":{"0":{"start":{"line":10,"column":16},"end":{"line":10,"column":28}},"1":{"start":{"line":32,"column":16},"end":{"line":32,"column":29}},"2":{"start":{"line":96,"column":16},"end":{"line":96,"column":27}},"3":{"start":{"line":55,"column":16},"end":{"line":55,"column":25}},"4":{"start":{"line":11,"column":4},"end":{"line":13,"column":null}},"5":{"start":{"line":12,"column":8},"end":{"line":12,"column":null}},"6":{"start":{"line":15,"column":4},"end":{"line":24,"column":null}},"7":{"start":{"line":16,"column":22},"end":{"line":16,"column":null}},"8":{"start":{"line":17,"column":8},"end":{"line":20,"column":null}},"9":{"start":{"line":18,"column":39},"end":{"line":18,"column":null}},"10":{"start":{"line":19,"column":12},"end":{"line":19,"column":null}},"11":{"start":{"line":21,"column":8},"end":{"line":21,"column":null}},"12":{"start":{"line":23,"column":8},"end":{"line":23,"column":null}},"13":{"start":{"line":33,"column":4},"end":{"line":35,"column":null}},"14":{"start":{"line":34,"column":8},"end":{"line":34,"column":null}},"15":{"start":{"line":37,"column":4},"end":{"line":46,"column":null}},"16":{"start":{"line":38,"column":22},"end":{"line":38,"column":null}},"17":{"start":{"line":39,"column":8},"end":{"line":42,"column":null}},"18":{"start":{"line":40,"column":39},"end":{"line":40,"column":null}},"19":{"start":{"line":41,"column":12},"end":{"line":41,"column":null}},"20":{"start":{"line":43,"column":8},"end":{"line":43,"column":null}},"21":{"start":{"line":45,"column":8},"end":{"line":45,"column":null}},"22":{"start":{"line":56,"column":4},"end":{"line":58,"column":null}},"23":{"start":{"line":57,"column":8},"end":{"line":57,"column":null}},"24":{"start":{"line":60,"column":4},"end":{"line":88,"column":null}},"25":{"start":{"line":62,"column":8},"end":{"line":71,"column":null}},"26":{"start":{"line":63,"column":26},"end":{"line":63,"column":null}},"27":{"start":{"line":64,"column":12},"end":{"line":70,"column":null}},"28":{"start":{"line":65,"column":43},"end":{"line":65,"column":null}},"29":{"start":{"line":66,"column":29},"end":{"line":66,"column":null}},"30":{"start":{"line":67,"column":16},"end":{"line":69,"column":null}},"31":{"start":{"line":68,"column":20},"end":{"line":68,"column":null}},"32":{"start":{"line":74,"column":8},"end":{"line":83,"column":null}},"33":{"start":{"line":75,"column":26},"end":{"line":75,"column":null}},"34":{"start":{"line":76,"column":12},"end":{"line":82,"column":null}},"35":{"start":{"line":77,"column":43},"end":{"line":77,"column":null}},"36":{"start":{"line":78,"column":29},"end":{"line":78,"column":null}},"37":{"start":{"line":79,"column":16},"end":{"line":81,"column":null}},"38":{"start":{"line":80,"column":20},"end":{"line":80,"column":null}},"39":{"start":{"line":85,"column":8},"end":{"line":85,"column":null}},"40":{"start":{"line":87,"column":8},"end":{"line":87,"column":null}},"41":{"start":{"line":97,"column":4},"end":{"line":97,"column":null}}},"fnMap":{"0":{"name":"formatDateBR","decl":{"start":{"line":10,"column":16},"end":{"line":10,"column":28}},"loc":{"start":{"line":10,"column":44},"end":{"line":25,"column":null}}},"1":{"name":"formatDateISO","decl":{"start":{"line":32,"column":16},"end":{"line":32,"column":29}},"loc":{"start":{"line":32,"column":45},"end":{"line":47,"column":null}}},"2":{"name":"parseDate","decl":{"start":{"line":55,"column":16},"end":{"line":55,"column":25}},"loc":{"start":{"line":55,"column":41},"end":{"line":89,"column":null}}},"3":{"name":"isValidDate","decl":{"start":{"line":96,"column":16},"end":{"line":96,"column":27}},"loc":{"start":{"line":96,"column":43},"end":{"line":98,"column":null}}}},"branchMap":{"0":{"loc":{"start":{"line":11,"column":4},"end":{"line":13,"column":null}},"type":"if","locations":[{"start":{"line":11,"column":4},"end":{"line":13,"column":null}}]},"1":{"loc":{"start":{"line":11,"column":8},"end":{"line":11,"column":49}},"type":"binary-expr","locations":[{"start":{"line":11,"column":8},"end":{"line":11,"column":20}},{"start":{"line":11,"column":20},"end":{"line":11,"column":49}}]},"2":{"loc":{"start":{"line":17,"column":8},"end":{"line":20,"column":null}},"type":"if","locations":[{"start":{"line":17,"column":8},"end":{"line":20,"column":null}}]},"3":{"loc":{"start":{"line":33,"column":4},"end":{"line":35,"column":null}},"type":"if","locations":[{"start":{"line":33,"column":4},"end":{"line":35,"column":null}}]},"4":{"loc":{"start":{"line":33,"column":8},"end":{"line":33,"column":49}},"type":"binary-expr","locations":[{"start":{"line":33,"column":8},"end":{"line":33,"column":20}},{"start":{"line":33,"column":20},"end":{"line":33,"column":49}}]},"5":{"loc":{"start":{"line":39,"column":8},"end":{"line":42,"column":null}},"type":"if","locations":[{"start":{"line":39,"column":8},"end":{"line":42,"column":null}}]},"6":{"loc":{"start":{"line":56,"column":4},"end":{"line":58,"column":null}},"type":"if","locations":[{"start":{"line":56,"column":4},"end":{"line":58,"column":null}}]},"7":{"loc":{"start":{"line":56,"column":8},"end":{"line":56,"column":49}},"type":"binary-expr","locations":[{"start":{"line":56,"column":8},"end":{"line":56,"column":20}},{"start":{"line":56,"column":20},"end":{"line":56,"column":49}}]},"8":{"loc":{"start":{"line":62,"column":8},"end":{"line":71,"column":null}},"type":"if","locations":[{"start":{"line":62,"column":8},"end":{"line":71,"column":null}}]},"9":{"loc":{"start":{"line":64,"column":12},"end":{"line":70,"column":null}},"type":"if","locations":[{"start":{"line":64,"column":12},"end":{"line":70,"column":null}}]},"10":{"loc":{"start":{"line":67,"column":16},"end":{"line":69,"column":null}},"type":"if","locations":[{"start":{"line":67,"column":16},"end":{"line":69,"column":null}}]},"11":{"loc":{"start":{"line":74,"column":8},"end":{"line":83,"column":null}},"type":"if","locations":[{"start":{"line":74,"column":8},"end":{"line":83,"column":null}}]},"12":{"loc":{"start":{"line":76,"column":12},"end":{"line":82,"column":null}},"type":"if","locations":[{"start":{"line":76,"column":12},"end":{"line":82,"column":null}}]},"13":{"loc":{"start":{"line":79,"column":16},"end":{"line":81,"column":null}},"type":"if","locations":[{"start":{"line":79,"column":16},"end":{"line":81,"column":null}}]}},"s":{"0":8,"1":4,"2":5,"3":6,"4":8,"5":3,"6":5,"7":5,"8":5,"9":3,"10":3,"11":2,"12":0,"13":4,"14":1,"15":3,"16":3,"17":3,"18":3,"19":3,"20":0,"21":0,"22":11,"23":4,"24":7,"25":7,"26":3,"27":3,"28":3,"29":3,"30":3,"31":3,"32":4,"33":2,"34":2,"35":2,"36":2,"37":2,"38":2,"39":2,"40":0,"41":5},"f":{"0":8,"1":4,"2":11,"3":5},"b":{"0":[3],"1":[8,5],"2":[3],"3":[1],"4":[4,3],"5":[3],"6":[4],"7":[11,7],"8":[3],"9":[3],"10":[3],"11":[2],"12":[2],"13":[2]}}
,"/home/personal/billing/src/utils/validation.ts": {"path":"/home/personal/billing/src/utils/validation.ts","statementMap":{"0":{"start":{"line":48,"column":16},"end":{"line":48,"column":30}},"1":{"start":{"line":69,"column":16},"end":{"line":69,"column":31}},"2":{"start":{"line":11,"column":16},"end":{"line":11,"column":37}},"3":{"start":{"line":31,"column":16},"end":{"line":31,"column":32}},"4":{"start":{"line":15,"column":4},"end":{"line":17,"column":null}},"5":{"start":{"line":16,"column":8},"end":{"line":16,"column":null}},"6":{"start":{"line":19,"column":22},"end":{"line":19,"column":null}},"7":{"start":{"line":20,"column":4},"end":{"line":22,"column":null}},"8":{"start":{"line":21,"column":22},"end":{"line":21,"column":null}},"9":{"start":{"line":32,"column":4},"end":{"line":34,"column":null}},"10":{"start":{"line":33,"column":8},"end":{"line":33,"column":null}},"11":{"start":{"line":36,"column":4},"end":{"line":38,"column":null}},"12":{"start":{"line":37,"column":8},"end":{"line":37,"column":null}},"13":{"start":{"line":40,"column":4},"end":{"line":40,"column":null}},"14":{"start":{"line":49,"column":4},"end":{"line":49,"column":null}},"15":{"start":{"line":49,"column":19},"end":{"line":49,"column":null}},"16":{"start":{"line":51,"column":18},"end":{"line":51,"column":null}},"17":{"start":{"line":52,"column":20},"end":{"line":52,"column":null}},"18":{"start":{"line":53,"column":15},"end":{"line":53,"column":null}},"19":{"start":{"line":55,"column":4},"end":{"line":58,"column":null}},"20":{"start":{"line":56,"column":8},"end":{"line":56,"column":null}},"21":{"start":{"line":57,"column":8},"end":{"line":57,"column":null}},"22":{"start":{"line":60,"column":4},"end":{"line":60,"column":null}},"23":{"start":{"line":73,"column":4},"end":{"line":75,"column":null}},"24":{"start":{"line":74,"column":8},"end":{"line":74,"column":null}},"25":{"start":{"line":77,"column":4},"end":{"line":82,"column":null}},"26":{"start":{"line":78,"column":8},"end":{"line":81,"column":null}},"27":{"start":{"line":84,"column":4},"end":{"line":90,"column":null}},"28":{"start":{"line":85,"column":22},"end":{"line":85,"column":null}},"29":{"start":{"line":86,"column":8},"end":{"line":89,"column":null}},"30":{"start":{"line":92,"column":4},"end":{"line":92,"column":null}}},"fnMap":{"0":{"name":"validateFileExtension","decl":{"start":{"line":11,"column":16},"end":{"line":11,"column":37}},"loc":{"start":{"line":13,"column":32},"end":{"line":23,"column":null}}},"1":{"name":"(anonymous_6)","decl":{"start":{"line":21,"column":13},"end":{"line":21,"column":14}},"loc":{"start":{"line":21,"column":22},"end":{"line":21,"column":null}}},"2":{"name":"validateFileSize","decl":{"start":{"line":31,"column":16},"end":{"line":31,"column":32}},"loc":{"start":{"line":31,"column":62},"end":{"line":41,"column":null}}},"3":{"name":"formatFileSize","decl":{"start":{"line":48,"column":16},"end":{"line":48,"column":30}},"loc":{"start":{"line":48,"column":44},"end":{"line":61,"column":null}}},"4":{"name":"validateCsvFile","decl":{"start":{"line":69,"column":16},"end":{"line":69,"column":31}},"loc":{"start":{"line":71,"column":37},"end":{"line":93,"column":null}}}},"branchMap":{"0":{"loc":{"start":{"line":15,"column":4},"end":{"line":17,"column":null}},"type":"if","locations":[{"start":{"line":15,"column":4},"end":{"line":17,"column":null}}]},"1":{"loc":{"start":{"line":15,"column":8},"end":{"line":15,"column":77}},"type":"binary-expr","locations":[{"start":{"line":15,"column":8},"end":{"line":15,"column":21}},{"start":{"line":15,"column":21},"end":{"line":15,"column":44}},{"start":{"line":15,"column":44},"end":{"line":15,"column":77}}]},"2":{"loc":{"start":{"line":32,"column":4},"end":{"line":34,"column":null}},"type":"if","locations":[{"start":{"line":32,"column":4},"end":{"line":34,"column":null}}]},"3":{"loc":{"start":{"line":32,"column":8},"end":{"line":32,"column":65}},"type":"binary-expr","locations":[{"start":{"line":32,"column":8},"end":{"line":32,"column":36}},{"start":{"line":32,"column":36},"end":{"line":32,"column":65}}]},"4":{"loc":{"start":{"line":36,"column":4},"end":{"line":38,"column":null}},"type":"if","locations":[{"start":{"line":36,"column":4},"end":{"line":38,"column":null}}]},"5":{"loc":{"start":{"line":36,"column":8},"end":{"line":36,"column":34}},"type":"binary-expr","locations":[{"start":{"line":36,"column":8},"end":{"line":36,"column":20}},{"start":{"line":36,"column":20},"end":{"line":36,"column":34}}]},"6":{"loc":{"start":{"line":49,"column":4},"end":{"line":49,"column":null}},"type":"if","locations":[{"start":{"line":49,"column":4},"end":{"line":49,"column":null}}]},"7":{"loc":{"start":{"line":55,"column":11},"end":{"line":55,"column":57}},"type":"binary-expr","locations":[{"start":{"line":55,"column":11},"end":{"line":55,"column":27}},{"start":{"line":55,"column":27},"end":{"line":55,"column":57}}]},"8":{"loc":{"start":{"line":71,"column":4},"end":{"line":71,"column":37}},"type":"default-arg","locations":[{"start":{"line":71,"column":22},"end":{"line":71,"column":37}}]},"9":{"loc":{"start":{"line":73,"column":4},"end":{"line":75,"column":null}},"type":"if","locations":[{"start":{"line":73,"column":4},"end":{"line":75,"column":null}}]},"10":{"loc":{"start":{"line":77,"column":4},"end":{"line":82,"column":null}},"type":"if","locations":[{"start":{"line":77,"column":4},"end":{"line":82,"column":null}}]},"11":{"loc":{"start":{"line":84,"column":4},"end":{"line":90,"column":null}},"type":"if","locations":[{"start":{"line":84,"column":4},"end":{"line":90,"column":null}}]}},"s":{"0":8,"1":5,"2":12,"3":9,"4":16,"5":2,"6":14,"7":14,"8":17,"9":12,"10":0,"11":12,"12":3,"13":9,"14":8,"15":1,"16":7,"17":7,"18":7,"19":7,"20":9,"21":9,"22":7,"23":5,"24":1,"25":4,"26":1,"27":3,"28":2,"29":2,"30":1},"f":{"0":16,"1":17,"2":12,"3":8,"4":5},"b":{"0":[2],"1":[16,15,15],"2":[0],"3":[12,12],"4":[3],"5":[12,11],"6":[1],"7":[16,9],"8":[4],"9":[1],"10":[1],"11":[2]}}
}
