TN:
SF:src/components/CategoryDropZone.tsx
FN:20,CategoryDropZone
FN:26,(anonymous_3)
FN:27,(anonymous_4)
FN:94,(anonymous_5)
FNF:4
FNH:0
FNDA:0,CategoryDropZone
FNDA:0,(anonymous_3)
FNDA:0,(anonymous_4)
FNDA:0,(anonymous_5)
DA:3,0
DA:4,0
DA:5,0
DA:6,0
DA:7,0
DA:13,0
DA:20,0
DA:21,0
DA:26,0
DA:27,0
DA:28,0
DA:30,0
DA:31,0
DA:95,0
LF:14
LH:0
BRDA:39,0,0,0
BRDA:39,0,1,0
BRDA:45,1,0,0
BRDA:45,1,1,0
BRDA:46,2,0,0
BRDA:46,2,1,0
BRDA:70,3,0,0
BRDA:70,3,1,0
BRDA:75,4,0,0
BRDA:75,4,1,0
BRF:10
BRH:0
end_of_record
TN:
SF:src/components/CsvDropZone.tsx
FN:47,CsvDropZone
FN:72,(anonymous_3)
FNF:2
FNH:0
FNDA:0,CsvDropZone
FNDA:0,(anonymous_3)
DA:3,0
DA:4,0
DA:14,0
DA:47,0
DA:62,0
DA:68,0
DA:69,0
DA:70,0
DA:72,0
DA:73,0
DA:74,0
DA:75,0
DA:76,0
LF:13
LH:0
BRDA:52,0,0,0
BRDA:68,1,0,0
BRDA:68,1,1,0
BRDA:69,2,0,0
BRDA:69,2,1,0
BRDA:90,3,0,0
BRDA:90,3,1,0
BRDA:91,4,0,0
BRDA:91,4,1,0
BRDA:98,5,0,0
BRDA:114,6,0,0
BRDA:114,6,1,0
BRDA:150,7,0,0
BRDA:166,8,0,0
BRDA:166,8,1,0
BRDA:178,9,0,0
BRDA:178,9,1,0
BRDA:180,10,0,0
BRDA:180,10,1,0
BRDA:196,11,0,0
BRDA:196,11,1,0
BRF:21
BRH:0
end_of_record
TN:
SF:src/components/CsvFieldMapper.tsx
FN:36,CsvFieldMapper
FN:45,(anonymous_5)
FN:60,(anonymous_6)
FN:70,(anonymous_7)
FN:73,(anonymous_8)
FN:85,(anonymous_9)
FN:88,(anonymous_10)
FN:107,(anonymous_11)
FN:119,(anonymous_12)
FN:120,(anonymous_13)
FN:135,(anonymous_14)
FN:141,(anonymous_15)
FN:141,(anonymous_16)
FN:142,(anonymous_17)
FN:163,(anonymous_18)
FN:173,(anonymous_19)
FN:177,(anonymous_20)
FN:187,(anonymous_21)
FN:197,(anonymous_22)
FN:199,(anonymous_23)
FNF:20
FNH:0
FNDA:0,CsvFieldMapper
FNDA:0,(anonymous_5)
FNDA:0,(anonymous_6)
FNDA:0,(anonymous_7)
FNDA:0,(anonymous_8)
FNDA:0,(anonymous_9)
FNDA:0,(anonymous_10)
FNDA:0,(anonymous_11)
FNDA:0,(anonymous_12)
FNDA:0,(anonymous_13)
FNDA:0,(anonymous_14)
FNDA:0,(anonymous_15)
FNDA:0,(anonymous_16)
FNDA:0,(anonymous_17)
FNDA:0,(anonymous_18)
FNDA:0,(anonymous_19)
FNDA:0,(anonymous_20)
FNDA:0,(anonymous_21)
FNDA:0,(anonymous_22)
FNDA:0,(anonymous_23)
DA:3,0
DA:20,0
DA:28,0
DA:34,0
DA:36,0
DA:42,0
DA:45,0
DA:46,0
DA:48,0
DA:49,0
DA:50,0
DA:51,0
DA:56,0
DA:60,0
DA:61,0
DA:62,0
DA:63,0
DA:65,0
DA:70,0
DA:71,0
DA:72,0
DA:73,0
DA:74,0
DA:75,0
DA:78,0
DA:85,0
DA:86,0
DA:88,0
DA:89,0
DA:92,0
DA:93,0
DA:96,0
DA:99,0
DA:107,0
DA:108,0
DA:109,0
DA:110,0
DA:111,0
DA:115,0
DA:116,0
DA:119,0
DA:120,0
DA:121,0
DA:122,0
DA:125,0
DA:126,0
DA:128,0
DA:131,0
DA:132,0
DA:135,0
DA:136,0
DA:137,0
DA:140,0
DA:141,0
DA:142,0
DA:143,0
DA:164,0
DA:174,0
DA:177,0
DA:188,0
DA:198,0
DA:200,0
LF:62
LH:0
BRDA:50,0,0,0
BRDA:63,1,0,0
BRDA:63,1,1,0
BRDA:74,2,0,0
BRDA:74,3,0,0
BRDA:74,3,1,0
BRDA:92,4,0,0
BRDA:92,4,1,0
BRDA:92,5,0,0
BRDA:92,5,1,0
BRDA:107,6,0,0
BRDA:107,7,0,0
BRDA:107,7,1,0
BRDA:108,8,0,0
BRDA:121,9,0,0
BRDA:125,10,0,0
BRDA:125,11,0,0
BRDA:125,11,1,0
BRDA:149,12,0,0
BRDA:165,13,0,0
BRDA:165,13,1,0
BRDA:180,14,0,0
BRDA:180,14,1,0
BRDA:204,15,0,0
BRDA:204,15,1,0
BRDA:208,16,0,0
BRDA:208,16,1,0
BRDA:223,17,0,0
BRDA:223,17,1,0
BRF:29
BRH:0
end_of_record
TN:
SF:src/components/CsvPreviewTable.tsx
FN:19,CsvPreviewTable
FN:32,(anonymous_5)
FN:49,(anonymous_6)
FN:55,(anonymous_7)
FN:65,(anonymous_8)
FN:99,(anonymous_9)
FN:134,(anonymous_10)
FN:201,(anonymous_11)
FN:230,(anonymous_12)
FNF:9
FNH:0
FNDA:0,CsvPreviewTable
FNDA:0,(anonymous_5)
FNDA:0,(anonymous_6)
FNDA:0,(anonymous_7)
FNDA:0,(anonymous_8)
FNDA:0,(anonymous_9)
FNDA:0,(anonymous_10)
FNDA:0,(anonymous_11)
FNDA:0,(anonymous_12)
DA:3,0
DA:16,0
DA:17,0
DA:19,0
DA:27,0
DA:28,0
DA:29,0
DA:32,0
DA:33,0
DA:37,0
DA:38,0
DA:39,0
DA:43,0
DA:44,0
DA:47,0
DA:49,0
DA:50,0
DA:51,0
DA:55,0
DA:56,0
DA:57,0
DA:65,0
DA:66,0
DA:67,0
DA:68,0
DA:69,0
DA:71,0
DA:73,0
DA:77,0
DA:99,0
DA:100,0
DA:134,0
DA:201,0
DA:230,0
LF:34
LH:0
BRDA:25,0,0,0
BRDA:50,1,0,0
BRDA:59,2,0,0
BRDA:59,2,1,0
BRDA:60,3,0,0
BRDA:60,3,1,0
BRDA:68,4,0,0
BRDA:77,5,0,0
BRDA:104,6,0,0
BRDA:104,6,1,0
BRDA:117,7,0,0
BRDA:118,8,0,0
BRDA:118,8,1,0
BRDA:123,9,0,0
BRDA:157,10,0,0
BRDA:176,11,0,0
BRDA:237,12,0,0
BRF:17
BRH:0
end_of_record
TN:
SF:src/components/CsvUploadModal.tsx
FN:18,CsvUploadModal
FN:23,(anonymous_5)
FN:24,(anonymous_6)
FN:40,(anonymous_7)
FN:41,(anonymous_8)
FN:45,(anonymous_9)
FN:53,(anonymous_10)
FN:58,(anonymous_11)
FN:64,(anonymous_12)
FN:67,(anonymous_13)
FN:80,(anonymous_14)
FN:85,(anonymous_15)
FNF:12
FNH:0
FNDA:0,CsvUploadModal
FNDA:0,(anonymous_5)
FNDA:0,(anonymous_6)
FNDA:0,(anonymous_7)
FNDA:0,(anonymous_8)
FNDA:0,(anonymous_9)
FNDA:0,(anonymous_10)
FNDA:0,(anonymous_11)
FNDA:0,(anonymous_12)
FNDA:0,(anonymous_13)
FNDA:0,(anonymous_14)
FNDA:0,(anonymous_15)
DA:3,0
DA:4,0
DA:5,0
DA:6,0
DA:7,0
DA:8,0
DA:18,0
DA:19,0
DA:20,0
DA:21,0
DA:23,0
DA:24,0
DA:38,0
DA:40,0
DA:41,0
DA:45,0
DA:46,0
DA:47,0
DA:48,0
DA:49,0
DA:53,0
DA:54,0
DA:55,0
DA:58,0
DA:59,0
DA:60,0
DA:61,0
DA:64,0
DA:65,0
DA:67,0
DA:75,0
DA:76,0
DA:77,0
DA:80,0
DA:81,0
DA:85,0
DA:86,0
DA:88,0
DA:94,0
LF:39
LH:0
BRDA:46,0,0,0
BRDA:88,1,0,0
BRDA:88,2,0,0
BRDA:88,2,1,0
BRDA:94,3,0,0
BRDA:117,4,0,0
BRDA:117,4,1,0
BRDA:118,5,0,0
BRDA:118,5,1,0
BRDA:119,6,0,0
BRDA:119,6,1,0
BRDA:125,7,0,0
BRDA:145,8,0,0
BRDA:148,9,0,0
BRDA:148,9,1,0
BRDA:148,10,0,0
BRDA:148,10,1,0
BRDA:155,11,0,0
BRDA:167,12,0,0
BRDA:183,13,0,0
BRDA:193,14,0,0
BRDA:203,15,0,0
BRDA:203,15,1,0
BRDA:209,16,0,0
BRDA:209,16,1,0
BRF:25
BRH:0
end_of_record
TN:
SF:src/components/CsvUploader.tsx
FN:6,CsvUploader
FN:12,(anonymous_5)
FN:35,(anonymous_6)
FNF:3
FNH:0
FNDA:0,CsvUploader
FNDA:0,(anonymous_5)
FNDA:0,(anonymous_6)
DA:3,0
DA:4,0
DA:6,0
DA:7,0
DA:12,0
DA:35,0
LF:6
LH:0
BRF:0
BRH:0
end_of_record
TN:
SF:src/components/CurrencyFormatSelector.tsx
FN:17,CurrencyFormatSelector
FN:26,(anonymous_3)
FN:29,(anonymous_4)
FNF:3
FNH:0
FNDA:0,CurrencyFormatSelector
FNDA:0,(anonymous_3)
FNDA:0,(anonymous_4)
DA:3,0
DA:12,0
DA:17,0
DA:27,0
DA:29,0
LF:5
LH:0
BRDA:20,0,0,0
BRDA:33,1,0,0
BRDA:33,1,1,0
BRDA:37,2,0,0
BRDA:37,2,1,0
BRF:5
BRH:0
end_of_record
TN:
SF:src/components/ExportButton.tsx
FN:8,ExportButton
FN:10,(anonymous_5)
FN:12,(anonymous_6)
FN:13,(anonymous_7)
FN:31,(anonymous_8)
FN:54,(anonymous_9)
FN:79,(anonymous_10)
FN:83,(anonymous_11)
FN:90,(anonymous_12)
FNF:9
FNH:0
FNDA:0,ExportButton
FNDA:0,(anonymous_5)
FNDA:0,(anonymous_6)
FNDA:0,(anonymous_7)
FNDA:0,(anonymous_8)
FNDA:0,(anonymous_9)
FNDA:0,(anonymous_10)
FNDA:0,(anonymous_11)
FNDA:0,(anonymous_12)
DA:3,0
DA:4,0
DA:8,0
DA:9,0
DA:10,0
DA:12,0
DA:13,0
DA:15,0
DA:16,0
DA:17,0
DA:24,0
DA:25,0
DA:26,0
DA:27,0
DA:29,0
DA:30,0
DA:31,0
DA:33,0
DA:34,0
DA:35,0
DA:38,0
DA:39,0
DA:40,0
DA:41,0
DA:42,0
DA:43,0
DA:44,0
DA:45,0
DA:46,0
DA:48,0
DA:54,0
DA:79,0
DA:83,0
DA:90,0
LF:34
LH:0
BRDA:15,0,0,0
BRDA:24,1,0,0
BRDA:24,1,1,0
BRDA:75,2,0,0
BRF:4
BRH:0
end_of_record
TN:
SF:src/components/InboxList.tsx
FN:7,InboxList
FN:8,(anonymous_3)
FN:9,(anonymous_4)
FN:10,(anonymous_5)
FN:49,(anonymous_6)
FN:56,(anonymous_7)
FN:99,(anonymous_8)
FNF:7
FNH:0
FNDA:0,InboxList
FNDA:0,(anonymous_3)
FNDA:0,(anonymous_4)
FNDA:0,(anonymous_5)
FNDA:0,(anonymous_6)
FNDA:0,(anonymous_7)
FNDA:0,(anonymous_8)
DA:3,0
DA:4,0
DA:5,0
DA:7,0
DA:8,0
DA:9,0
DA:10,0
DA:49,0
DA:56,0
DA:100,0
LF:10
LH:0
BRDA:24,0,0,0
BRDA:24,0,1,0
BRDA:54,1,0,0
BRDA:79,2,0,0
BRDA:79,2,1,0
BRF:5
BRH:0
end_of_record
TN:
SF:src/components/Onboarding.tsx
FN:12,Onboarding
FN:28,(anonymous_5)
FN:31,(anonymous_6)
FN:80,(anonymous_7)
FNF:4
FNH:0
FNDA:0,Onboarding
FNDA:0,(anonymous_5)
FNDA:0,(anonymous_6)
FNDA:0,(anonymous_7)
DA:3,0
DA:4,0
DA:12,0
DA:22,0
DA:24,0
DA:25,0
DA:26,0
DA:28,0
DA:29,0
DA:31,0
DA:32,0
DA:33,0
DA:35,0
DA:36,0
DA:38,0
DA:39,0
DA:40,0
DA:42,0
DA:43,0
DA:44,0
DA:46,0
DA:48,0
DA:49,0
DA:50,0
DA:51,0
DA:53,0
DA:54,0
DA:55,0
DA:56,0
DA:58,0
DA:59,0
DA:60,0
DA:61,0
DA:63,0
DA:64,0
DA:65,0
DA:66,0
DA:70,0
DA:71,0
DA:73,0
DA:76,0
DA:77,0
DA:78,0
DA:80,0
DA:81,0
DA:82,0
DA:86,0
LF:47
LH:0
BRDA:29,0,0,0
BRDA:29,1,0,0
BRDA:29,1,1,0
BRDA:33,2,0,0
BRDA:46,3,0,0
BRDA:46,3,1,0
BRDA:46,3,2,0
BRDA:46,3,3,0
BRDA:86,4,0,0
BRDA:86,5,0,0
BRDA:86,5,1,0
BRDA:86,5,2,0
BRDA:96,6,0,0
BRDA:118,7,0,0
BRDA:141,8,0,0
BRDA:141,8,1,0
BRDA:143,9,0,0
BRDA:143,9,1,0
BRDA:145,10,0,0
BRDA:145,10,1,0
BRDA:182,11,0,0
BRDA:195,12,0,0
BRDA:195,12,1,0
BRF:23
BRH:0
end_of_record
TN:
SF:src/components/TransactionCard.tsx
FN:13,TransactionCard
FN:14,(anonymous_3)
FN:27,(anonymous_4)
FN:39,(anonymous_5)
FN:48,(anonymous_6)
FN:99,(anonymous_7)
FN:100,(anonymous_8)
FN:109,(anonymous_9)
FNF:8
FNH:0
FNDA:0,TransactionCard
FNDA:0,(anonymous_3)
FNDA:0,(anonymous_4)
FNDA:0,(anonymous_5)
FNDA:0,(anonymous_6)
FNDA:0,(anonymous_7)
FNDA:0,(anonymous_8)
FNDA:0,(anonymous_9)
DA:3,0
DA:4,0
DA:5,0
DA:6,0
DA:13,0
DA:14,0
DA:16,0
DA:21,0
DA:27,0
DA:28,0
DA:29,0
DA:30,0
DA:31,0
DA:33,0
DA:35,0
DA:39,0
DA:40,0
DA:48,0
DA:49,0
DA:50,0
DA:51,0
DA:55,0
DA:99,0
DA:100,0
DA:110,0
LF:25
LH:0
BRDA:21,0,0,0
BRDA:21,0,1,0
BRDA:30,1,0,0
BRDA:42,2,0,0
BRDA:42,2,1,0
BRDA:43,3,0,0
BRDA:43,3,1,0
BRDA:50,4,0,0
BRDA:55,5,0,0
BRDA:55,5,1,0
BRDA:68,6,0,0
BRDA:68,6,1,0
BRDA:69,7,0,0
BRDA:69,7,1,0
BRDA:70,8,0,0
BRDA:70,8,1,0
BRDA:75,9,0,0
BRDA:95,10,0,0
BRDA:117,11,0,0
BRF:19
BRH:0
end_of_record
TN:
SF:src/components/UndoRedoControls.tsx
FN:12,UndoRedoControls
FNF:1
FNH:0
FNDA:0,UndoRedoControls
DA:3,0
DA:12,0
LF:2
LH:0
BRDA:21,0,0,0
BRDA:21,0,1,0
BRDA:47,1,0,0
BRDA:47,1,1,0
BRF:4
BRH:0
end_of_record
TN:
SF:src/components/__tests__/CsvDropZone.test.tsx
FN:32,(anonymous_0)
FN:33,(anonymous_1)
FN:13,(anonymous_3)
FN:24,(anonymous_4)
FN:46,(anonymous_5)
FN:47,(anonymous_6)
FN:51,(anonymous_7)
FN:52,(anonymous_8)
FN:57,(anonymous_9)
FN:62,(anonymous_10)
FN:69,(anonymous_11)
FN:70,(anonymous_12)
FN:86,(anonymous_13)
FN:87,(anonymous_14)
FN:104,(anonymous_15)
FN:105,(anonymous_16)
FN:121,(anonymous_17)
FN:137,(anonymous_18)
FN:138,(anonymous_19)
FN:154,(anonymous_20)
FN:170,(anonymous_21)
FN:171,(anonymous_22)
FN:191,(anonymous_23)
FN:192,(anonymous_24)
FNF:24
FNH:0
FNDA:0,(anonymous_0)
FNDA:0,(anonymous_1)
FNDA:0,(anonymous_3)
FNDA:0,(anonymous_4)
FNDA:0,(anonymous_5)
FNDA:0,(anonymous_6)
FNDA:0,(anonymous_7)
FNDA:0,(anonymous_8)
FNDA:0,(anonymous_9)
FNDA:0,(anonymous_10)
FNDA:0,(anonymous_11)
FNDA:0,(anonymous_12)
FNDA:0,(anonymous_13)
FNDA:0,(anonymous_14)
FNDA:0,(anonymous_15)
FNDA:0,(anonymous_16)
FNDA:0,(anonymous_17)
FNDA:0,(anonymous_18)
FNDA:0,(anonymous_19)
FNDA:0,(anonymous_20)
FNDA:0,(anonymous_21)
FNDA:0,(anonymous_22)
FNDA:0,(anonymous_23)
FNDA:0,(anonymous_24)
DA:6,0
DA:7,0
DA:8,0
DA:11,0
DA:12,0
DA:13,0
DA:24,0
DA:32,0
DA:33,0
DA:44,0
DA:46,0
DA:47,0
DA:48,0
DA:51,0
DA:52,0
DA:54,0
DA:57,0
DA:59,0
DA:62,0
DA:64,0
DA:65,0
DA:69,0
DA:70,0
DA:71,0
DA:82,0
DA:86,0
DA:87,0
DA:88,0
DA:99,0
DA:100,0
DA:104,0
DA:105,0
DA:106,0
DA:117,0
DA:118,0
DA:121,0
DA:122,0
DA:133,0
DA:137,0
DA:138,0
DA:139,0
DA:150,0
DA:151,0
DA:154,0
DA:155,0
DA:166,0
DA:170,0
DA:171,0
DA:173,0
DA:185,0
DA:186,0
DA:187,0
DA:191,0
DA:192,0
DA:193,0
DA:194,0
DA:206,0
DA:207,0
DA:209,0
DA:210,0
DA:211,0
LF:61
LH:0
BRF:0
BRH:0
end_of_record
TN:
SF:src/components/__tests__/TransactionCard.test.tsx
FN:12,(anonymous_0)
FN:13,(anonymous_1)
FN:19,(anonymous_2)
FN:20,(anonymous_3)
FN:30,createTransaction
FN:41,(anonymous_6)
FN:42,(anonymous_7)
FN:43,(anonymous_8)
FN:48,(anonymous_9)
FN:54,(anonymous_10)
FN:55,(anonymous_11)
FN:61,(anonymous_12)
FN:66,(anonymous_13)
FN:75,(anonymous_14)
FN:76,(anonymous_15)
FN:82,(anonymous_16)
FN:88,(anonymous_17)
FN:99,(anonymous_18)
FN:100,(anonymous_19)
FN:114,(anonymous_20)
FN:115,(anonymous_21)
FN:120,(anonymous_22)
FNF:22
FNH:0
FNDA:0,(anonymous_0)
FNDA:0,(anonymous_1)
FNDA:0,(anonymous_2)
FNDA:0,(anonymous_3)
FNDA:0,createTransaction
FNDA:0,(anonymous_6)
FNDA:0,(anonymous_7)
FNDA:0,(anonymous_8)
FNDA:0,(anonymous_9)
FNDA:0,(anonymous_10)
FNDA:0,(anonymous_11)
FNDA:0,(anonymous_12)
FNDA:0,(anonymous_13)
FNDA:0,(anonymous_14)
FNDA:0,(anonymous_15)
FNDA:0,(anonymous_16)
FNDA:0,(anonymous_17)
FNDA:0,(anonymous_18)
FNDA:0,(anonymous_19)
FNDA:0,(anonymous_20)
FNDA:0,(anonymous_21)
FNDA:0,(anonymous_22)
DA:6,0
DA:7,0
DA:8,0
DA:12,0
DA:13,0
DA:19,0
DA:20,0
DA:31,0
DA:41,0
DA:42,0
DA:43,0
DA:45,0
DA:48,0
DA:50,0
DA:54,0
DA:55,0
DA:58,0
DA:61,0
DA:63,0
DA:66,0
DA:69,0
DA:70,0
DA:71,0
DA:75,0
DA:76,0
DA:78,0
DA:79,0
DA:82,0
DA:84,0
DA:85,0
DA:88,0
DA:90,0
DA:92,0
DA:93,0
DA:94,0
DA:95,0
DA:99,0
DA:100,0
DA:108,0
DA:109,0
DA:110,0
DA:114,0
DA:115,0
DA:117,0
DA:120,0
DA:121,0
DA:124,0
DA:125,0
LF:48
LH:0
BRDA:30,0,0,0
BRF:1
BRH:0
end_of_record
TN:
SF:src/components/charts/BarChartCategories.tsx
FN:14,BarChartCategories
FN:15,(anonymous_3)
FN:17,(anonymous_4)
FN:23,(anonymous_5)
FN:25,(anonymous_6)
FN:40,(anonymous_7)
FN:95,(anonymous_8)
FNF:7
FNH:0
FNDA:0,BarChartCategories
FNDA:0,(anonymous_3)
FNDA:0,(anonymous_4)
FNDA:0,(anonymous_5)
FNDA:0,(anonymous_6)
FNDA:0,(anonymous_7)
FNDA:0,(anonymous_8)
DA:3,0
DA:4,0
DA:5,0
DA:6,0
DA:14,0
DA:15,0
DA:17,0
DA:23,0
DA:25,0
DA:26,0
DA:27,0
DA:37,0
DA:40,0
DA:41,0
DA:42,0
DA:44,0
DA:96,0
LF:17
LH:0
BRDA:26,0,0,0
BRDA:26,1,0,0
BRDA:26,1,1,0
BRDA:26,1,2,0
BRDA:41,2,0,0
BRDA:55,3,0,0
BRF:6
BRH:0
end_of_record
TN:
SF:src/components/charts/PieChartCategories.tsx
FN:14,PieChartCategories
FN:15,(anonymous_3)
FN:16,(anonymous_4)
FN:19,(anonymous_5)
FN:20,(anonymous_6)
FN:28,(anonymous_7)
FN:44,(anonymous_8)
FN:48,(anonymous_9)
FN:107,(anonymous_10)
FNF:9
FNH:0
FNDA:0,PieChartCategories
FNDA:0,(anonymous_3)
FNDA:0,(anonymous_4)
FNDA:0,(anonymous_5)
FNDA:0,(anonymous_6)
FNDA:0,(anonymous_7)
FNDA:0,(anonymous_8)
FNDA:0,(anonymous_9)
FNDA:0,(anonymous_10)
DA:3,0
DA:4,0
DA:5,0
DA:6,0
DA:14,0
DA:15,0
DA:16,0
DA:18,0
DA:19,0
DA:20,0
DA:26,0
DA:28,0
DA:29,0
DA:30,0
DA:40,0
DA:44,0
DA:45,0
DA:49,0
DA:108,0
LF:19
LH:0
BRDA:29,0,0,0
BRDA:29,1,0,0
BRDA:29,1,1,0
BRDA:29,1,2,0
BRDA:70,2,0,0
BRF:5
BRH:0
end_of_record
TN:
SF:src/hooks/useCsvParser.ts
FN:37,useCsvParser
FN:54,(anonymous_3)
FN:90,(anonymous_4)
FN:91,(anonymous_5)
FN:102,(anonymous_6)
FN:108,(anonymous_7)
FN:157,(anonymous_8)
FN:159,(anonymous_9)
FN:172,(anonymous_10)
FN:173,(anonymous_11)
FN:174,(anonymous_12)
FN:177,(anonymous_13)
FN:190,(anonymous_14)
FN:203,(anonymous_15)
FN:204,(anonymous_16)
FNF:15
FNH:0
FNDA:0,useCsvParser
FNDA:0,(anonymous_3)
FNDA:0,(anonymous_4)
FNDA:0,(anonymous_5)
FNDA:0,(anonymous_6)
FNDA:0,(anonymous_7)
FNDA:0,(anonymous_8)
FNDA:0,(anonymous_9)
FNDA:0,(anonymous_10)
FNDA:0,(anonymous_11)
FNDA:0,(anonymous_12)
FNDA:0,(anonymous_13)
FNDA:0,(anonymous_14)
FNDA:0,(anonymous_15)
FNDA:0,(anonymous_16)
DA:3,0
DA:4,0
DA:5,0
DA:37,0
DA:42,0
DA:53,0
DA:55,0
DA:56,0
DA:59,0
DA:62,0
DA:64,0
DA:67,0
DA:69,0
DA:72,0
DA:75,0
DA:77,0
DA:78,0
DA:81,0
DA:83,0
DA:89,0
DA:91,0
DA:99,0
DA:103,0
DA:104,0
DA:105,0
DA:106,0
DA:108,0
DA:109,0
DA:110,0
DA:112,0
DA:114,0
DA:115,0
DA:116,0
DA:119,0
DA:120,0
DA:121,0
DA:123,0
DA:134,0
DA:136,0
DA:137,0
DA:138,0
DA:140,0
DA:144,0
DA:155,0
DA:158,0
DA:159,0
DA:165,0
DA:172,0
DA:173,0
DA:174,0
DA:175,0
DA:177,0
DA:179,0
DA:190,0
DA:191,0
DA:203,0
DA:204,0
DA:207,0
LF:58
LH:0
BRDA:37,0,0,0
BRDA:38,1,0,0
BRDA:55,2,0,0
BRDA:55,3,0,0
BRDA:55,3,1,0
BRDA:67,4,0,0
BRDA:67,4,1,0
BRDA:77,5,0,0
BRDA:112,6,0,0
BRDA:112,6,1,0
BRDA:114,7,0,0
BRDA:114,7,1,0
BRDA:115,8,0,0
BRDA:115,8,1,0
BRDA:116,9,0,0
BRDA:116,9,1,0
BRDA:116,9,2,0
BRDA:119,10,0,0
BRDA:119,10,1,0
BRDA:120,11,0,0
BRDA:120,11,1,0
BRDA:121,12,0,0
BRDA:126,13,0,0
BRDA:126,13,1,0
BRDA:127,14,0,0
BRDA:127,14,1,0
BRDA:129,15,0,0
BRDA:129,15,1,0
BRDA:136,16,0,0
BRDA:136,16,1,0
BRDA:175,17,0,0
BRDA:183,18,0,0
BRDA:183,18,1,0
BRDA:184,19,0,0
BRDA:184,19,1,0
BRDA:185,20,0,0
BRDA:185,20,1,0
BRF:37
BRH:0
end_of_record
TN:
SF:src/hooks/useDropZone.ts
FN:41,useDropZone
FN:55,(anonymous_2)
FN:74,(anonymous_3)
FN:92,(anonymous_4)
FN:103,(anonymous_5)
FN:108,(anonymous_6)
FN:120,(anonymous_7)
FN:134,(anonymous_8)
FN:138,(anonymous_9)
FN:146,(anonymous_10)
FN:159,(anonymous_11)
FN:169,(anonymous_12)
FN:184,(anonymous_13)
FNF:13
FNH:0
FNDA:0,useDropZone
FNDA:0,(anonymous_2)
FNDA:0,(anonymous_3)
FNDA:0,(anonymous_4)
FNDA:0,(anonymous_5)
FNDA:0,(anonymous_6)
FNDA:0,(anonymous_7)
FNDA:0,(anonymous_8)
FNDA:0,(anonymous_9)
FNDA:0,(anonymous_10)
FNDA:0,(anonymous_11)
FNDA:0,(anonymous_12)
FNDA:0,(anonymous_13)
DA:3,0
DA:41,0
DA:47,0
DA:48,0
DA:49,0
DA:50,0
DA:51,0
DA:52,0
DA:54,0
DA:57,0
DA:58,0
DA:59,0
DA:63,0
DA:64,0
DA:65,0
DA:68,0
DA:73,0
DA:75,0
DA:77,0
DA:78,0
DA:79,0
DA:80,0
DA:81,0
DA:84,0
DA:85,0
DA:86,0
DA:87,0
DA:92,0
DA:93,0
DA:94,0
DA:95,0
DA:97,0
DA:98,0
DA:99,0
DA:103,0
DA:104,0
DA:105,0
DA:108,0
DA:109,0
DA:110,0
DA:111,0
DA:113,0
DA:114,0
DA:115,0
DA:119,0
DA:121,0
DA:122,0
DA:123,0
DA:124,0
DA:126,0
DA:127,0
DA:128,0
DA:134,0
DA:135,0
DA:138,0
DA:139,0
DA:140,0
DA:141,0
DA:145,0
DA:147,0
DA:148,0
DA:149,0
DA:152,0
DA:153,0
DA:159,0
DA:160,0
DA:161,0
DA:162,0
DA:163,0
DA:164,0
DA:168,0
DA:169,0
DA:183,0
DA:184,0
DA:194,0
LF:75
LH:0
BRDA:41,0,0,0
BRDA:42,1,0,0
BRDA:43,2,0,0
BRDA:58,3,0,0
BRDA:63,4,0,0
BRDA:77,5,0,0
BRDA:97,6,0,0
BRDA:97,7,0,0
BRDA:97,7,1,0
BRDA:113,8,0,0
BRDA:127,9,0,0
BRDA:127,10,0,0
BRDA:127,10,1,0
BRDA:139,11,0,0
BRDA:139,12,0,0
BRDA:139,12,1,0
BRDA:148,13,0,0
BRDA:148,14,0,0
BRDA:148,14,1,0
BRDA:152,15,0,0
BRDA:163,16,0,0
BRF:21
BRH:0
end_of_record
TN:
SF:src/hooks/useHistory.ts
FN:23,useHistory
FN:33,(anonymous_2)
FN:43,(anonymous_3)
FN:44,(anonymous_4)
FN:60,(anonymous_5)
FN:63,(anonymous_6)
FN:81,(anonymous_7)
FN:84,(anonymous_8)
FN:102,(anonymous_9)
FNF:9
FNH:0
FNDA:0,useHistory
FNDA:0,(anonymous_2)
FNDA:0,(anonymous_3)
FNDA:0,(anonymous_4)
FNDA:0,(anonymous_5)
FNDA:0,(anonymous_6)
FNDA:0,(anonymous_7)
FNDA:0,(anonymous_8)
FNDA:0,(anonymous_9)
DA:3,0
DA:21,0
DA:23,0
DA:24,0
DA:30,0
DA:33,0
DA:34,0
DA:35,0
DA:36,0
DA:40,0
DA:41,0
DA:43,0
DA:44,0
DA:46,0
DA:47,0
DA:50,0
DA:52,0
DA:60,0
DA:61,0
DA:63,0
DA:64,0
DA:66,0
DA:67,0
DA:69,0
DA:71,0
DA:78,0
DA:81,0
DA:82,0
DA:84,0
DA:85,0
DA:87,0
DA:88,0
DA:90,0
DA:92,0
DA:99,0
DA:102,0
DA:103,0
DA:110,0
LF:38
LH:0
BRDA:23,0,0,0
BRDA:34,1,0,0
BRDA:46,2,0,0
BRDA:64,3,0,0
BRDA:85,4,0,0
BRF:5
BRH:0
end_of_record
TN:
SF:src/hooks/useOnboarding.ts
FN:53,useOnboarding
FN:58,(anonymous_2)
FN:64,(anonymous_3)
FN:67,(anonymous_4)
FN:75,(anonymous_5)
FN:80,(anonymous_6)
FN:84,(anonymous_7)
FN:88,(anonymous_8)
FN:89,(anonymous_9)
FN:92,(anonymous_10)
FN:98,(anonymous_11)
FN:104,(anonymous_12)
FNF:12
FNH:0
FNDA:0,useOnboarding
FNDA:0,(anonymous_2)
FNDA:0,(anonymous_3)
FNDA:0,(anonymous_4)
FNDA:0,(anonymous_5)
FNDA:0,(anonymous_6)
FNDA:0,(anonymous_7)
FNDA:0,(anonymous_8)
FNDA:0,(anonymous_9)
FNDA:0,(anonymous_10)
FNDA:0,(anonymous_11)
FNDA:0,(anonymous_12)
DA:3,0
DA:13,0
DA:51,0
DA:53,0
DA:54,0
DA:55,0
DA:56,0
DA:58,0
DA:59,0
DA:60,0
DA:63,0
DA:64,0
DA:65,0
DA:67,0
DA:71,0
DA:72,0
DA:73,0
DA:75,0
DA:76,0
DA:77,0
DA:80,0
DA:81,0
DA:82,0
DA:84,0
DA:88,0
DA:89,0
DA:92,0
DA:93,0
DA:94,0
DA:95,0
DA:98,0
DA:99,0
DA:100,0
DA:101,0
DA:104,0
DA:105,0
DA:106,0
DA:107,0
DA:110,0
LF:39
LH:0
BRDA:63,0,0,0
BRDA:81,1,0,0
BRDA:81,1,1,0
BRF:3
BRH:0
end_of_record
TN:
SF:src/store/transactionStore.ts
FN:27,(anonymous_1)
FN:31,(anonymous_2)
FN:32,(anonymous_3)
FN:36,(anonymous_4)
FN:37,(anonymous_5)
FN:38,(anonymous_6)
FN:43,(anonymous_7)
FN:44,(anonymous_8)
FN:45,(anonymous_9)
FN:50,(anonymous_10)
FN:52,(anonymous_11)
FN:54,(anonymous_12)
FN:56,(anonymous_13)
FN:61,(anonymous_14)
FN:64,(anonymous_15)
FN:65,(anonymous_16)
FN:71,(anonymous_17)
FN:73,(anonymous_18)
FN:76,(anonymous_19)
FN:85,(anonymous_20)
FN:94,(anonymous_21)
FN:96,(anonymous_22)
FN:113,(anonymous_23)
FNF:23
FNH:21
FNDA:1,(anonymous_1)
FNDA:13,(anonymous_2)
FNDA:13,(anonymous_3)
FNDA:2,(anonymous_4)
FNDA:2,(anonymous_5)
FNDA:3,(anonymous_6)
FNDA:1,(anonymous_7)
FNDA:1,(anonymous_8)
FNDA:1,(anonymous_9)
FNDA:0,(anonymous_10)
FNDA:2,(anonymous_11)
FNDA:17,(anonymous_12)
FNDA:0,(anonymous_13)
FNDA:2,(anonymous_14)
FNDA:5,(anonymous_15)
FNDA:4,(anonymous_16)
FNDA:1,(anonymous_17)
FNDA:3,(anonymous_18)
FNDA:5,(anonymous_19)
FNDA:9,(anonymous_20)
FNDA:3,(anonymous_21)
FNDA:12,(anonymous_22)
FNDA:35,(anonymous_23)
DA:1,1
DA:2,1
DA:25,50
DA:27,1
DA:32,13
DA:37,2
DA:39,3
DA:44,1
DA:46,1
DA:50,0
DA:52,2
DA:54,17
DA:57,0
DA:58,0
DA:62,2
DA:63,2
DA:64,5
DA:66,4
DA:72,1
DA:73,3
DA:77,5
DA:78,5
DA:85,5
DA:86,9
DA:87,9
DA:91,5
DA:95,3
DA:96,12
DA:98,3
DA:99,1
DA:102,2
DA:113,35
LF:32
LH:29
BRDA:39,0,0,2
BRDA:39,0,1,1
BRDA:46,1,0,1
BRDA:46,1,1,0
BRDA:66,2,0,4
BRDA:66,2,1,2
BRDA:86,3,0,9
BRDA:98,4,0,1
BRF:8
BRH:7
end_of_record
TN:
SF:src/types/index.ts
FNF:0
FNH:0
DA:11,3
DA:13,1
LF:2
LH:2
BRF:0
BRH:0
end_of_record
TN:
SF:src/utils/calculations.ts
FN:13,calculateTotal
FN:18,(anonymous_7)
FN:27,calculateCategoryTotals
FN:49,(anonymous_9)
FN:56,(anonymous_10)
FN:69,calculatePercentages
FN:78,(anonymous_12)
FN:86,(anonymous_13)
FN:105,calculateAverage
FN:119,countByCategory
FN:133,(anonymous_16)
FNF:11
FNH:11
FNDA:8,calculateTotal
FNDA:12,(anonymous_7)
FNDA:4,calculateCategoryTotals
FNDA:9,(anonymous_9)
FNDA:12,(anonymous_10)
FNDA:5,calculatePercentages
FNDA:4,(anonymous_12)
FNDA:16,(anonymous_13)
FNDA:4,calculateAverage
FNDA:2,countByCategory
FNDA:5,(anonymous_16)
DA:5,1
DA:6,1
DA:13,8
DA:14,8
DA:15,3
DA:18,12
DA:19,5
DA:27,4
DA:30,4
DA:37,4
DA:38,1
DA:42,3
DA:49,3
DA:50,9
DA:51,8
DA:56,3
DA:57,12
DA:60,3
DA:69,5
DA:72,5
DA:73,5
DA:75,5
DA:77,5
DA:78,1
DA:79,4
DA:81,1
DA:85,4
DA:86,4
DA:87,16
DA:89,4
DA:91,12
DA:92,12
DA:93,12
DA:97,4
DA:105,4
DA:106,4
DA:107,1
DA:110,3
DA:111,3
DA:119,2
DA:122,2
DA:129,2
DA:130,0
DA:133,2
DA:134,5
DA:135,4
DA:139,2
LF:47
LH:46
BRDA:14,0,0,3
BRDA:14,1,0,8
BRDA:14,1,1,6
BRDA:37,2,0,1
BRDA:37,3,0,4
BRDA:37,3,1,4
BRDA:50,4,0,8
BRDA:77,5,0,1
BRDA:87,6,0,4
BRDA:87,6,1,12
BRDA:106,7,0,1
BRDA:106,8,0,4
BRDA:106,8,1,4
BRDA:129,9,0,0
BRDA:134,10,0,4
BRF:15
BRH:14
end_of_record
TN:
SF:src/utils/currency.ts
FN:19,parseCurrency
FN:57,formatCurrency
FN:86,sumValues
FN:93,(anonymous_8)
FN:105,detectCurrencyFormat
FNF:5
FNH:5
FNDA:26,parseCurrency
FNDA:9,formatCurrency
FNDA:34,sumValues
FNDA:69,(anonymous_8)
FNDA:5,detectCurrencyFormat
DA:19,26
DA:20,26
DA:21,2
DA:24,24
DA:27,24
DA:29,24
DA:30,24
DA:32,14
DA:35,10
DA:38,24
DA:40,24
DA:41,2
DA:44,22
DA:46,0
DA:57,9
DA:62,9
DA:63,9
DA:68,9
DA:69,6
DA:70,6
DA:72,3
DA:73,3
DA:76,9
DA:77,9
DA:86,34
DA:87,34
DA:88,7
DA:93,27
DA:94,69
DA:97,27
DA:105,5
DA:106,5
DA:108,4
DA:111,4
DA:112,4
DA:117,4
DA:119,3
DA:120,3
DA:121,2
DA:125,2
DA:127,2
DA:128,2
DA:129,2
DA:134,0
LF:44
LH:42
BRDA:19,0,0,1
BRDA:20,1,0,2
BRDA:20,2,0,26
BRDA:20,2,1,25
BRDA:30,3,0,14
BRDA:30,3,1,10
BRDA:40,4,0,2
BRDA:59,5,0,0
BRDA:60,6,0,8
BRDA:68,7,0,6
BRDA:68,7,1,3
BRDA:76,8,0,1
BRDA:76,8,1,8
BRDA:77,9,0,8
BRDA:77,9,1,1
BRDA:87,10,0,7
BRDA:106,11,0,1
BRDA:111,12,0,4
BRDA:111,12,1,1
BRDA:112,13,0,4
BRDA:112,13,1,1
BRDA:117,14,0,3
BRDA:117,15,0,4
BRDA:117,15,1,3
BRDA:120,16,0,2
BRDA:125,17,0,2
BRDA:125,18,0,2
BRDA:125,18,1,2
BRDA:128,19,0,2
BRF:29
BRH:28
end_of_record
TN:
SF:src/utils/date.ts
FN:10,formatDateBR
FN:32,formatDateISO
FN:55,parseDate
FN:96,isValidDate
FNF:4
FNH:4
FNDA:8,formatDateBR
FNDA:4,formatDateISO
FNDA:11,parseDate
FNDA:5,isValidDate
DA:10,8
DA:11,8
DA:12,3
DA:15,5
DA:16,5
DA:17,5
DA:18,3
DA:19,3
DA:21,2
DA:23,0
DA:32,4
DA:33,4
DA:34,1
DA:37,3
DA:38,3
DA:39,3
DA:40,3
DA:41,3
DA:43,0
DA:45,0
DA:55,6
DA:56,11
DA:57,4
DA:60,7
DA:62,7
DA:63,3
DA:64,3
DA:65,3
DA:66,3
DA:67,3
DA:68,3
DA:74,4
DA:75,2
DA:76,2
DA:77,2
DA:78,2
DA:79,2
DA:80,2
DA:85,2
DA:87,0
DA:96,5
DA:97,5
LF:42
LH:38
BRDA:11,0,0,3
BRDA:11,1,0,8
BRDA:11,1,1,5
BRDA:17,2,0,3
BRDA:33,3,0,1
BRDA:33,4,0,4
BRDA:33,4,1,3
BRDA:39,5,0,3
BRDA:56,6,0,4
BRDA:56,7,0,11
BRDA:56,7,1,7
BRDA:62,8,0,3
BRDA:64,9,0,3
BRDA:67,10,0,3
BRDA:74,11,0,2
BRDA:76,12,0,2
BRDA:79,13,0,2
BRF:17
BRH:17
end_of_record
TN:
SF:src/utils/validation.ts
FN:11,validateFileExtension
FN:21,(anonymous_6)
FN:31,validateFileSize
FN:48,formatFileSize
FN:69,validateCsvFile
FNF:5
FNH:5
FNDA:16,validateFileExtension
FNDA:17,(anonymous_6)
FNDA:12,validateFileSize
FNDA:8,formatFileSize
FNDA:5,validateCsvFile
DA:11,12
DA:15,16
DA:16,2
DA:19,14
DA:20,14
DA:21,17
DA:31,9
DA:32,12
DA:33,0
DA:36,12
DA:37,3
DA:40,9
DA:48,8
DA:49,8
DA:51,7
DA:52,7
DA:53,7
DA:55,7
DA:56,9
DA:57,9
DA:60,7
DA:69,5
DA:73,5
DA:74,1
DA:77,4
DA:78,1
DA:84,3
DA:85,2
DA:86,2
DA:92,1
LF:30
LH:29
BRDA:15,0,0,2
BRDA:15,1,0,16
BRDA:15,1,1,15
BRDA:15,1,2,15
BRDA:32,2,0,0
BRDA:32,3,0,12
BRDA:32,3,1,12
BRDA:36,4,0,3
BRDA:36,5,0,12
BRDA:36,5,1,11
BRDA:49,6,0,1
BRDA:55,7,0,16
BRDA:55,7,1,9
BRDA:71,8,0,4
BRDA:73,9,0,1
BRDA:77,10,0,1
BRDA:84,11,0,2
BRF:17
BRH:16
end_of_record
